2024-09-10 13:32:57,672 [crawl_naver_blogs, line 92] DEBUG: Found 10 blog links.
2024-09-10 13:33:00,285 [crawl_naver_blogs, line 42] DEBUG: Current URL: https://blog.naver.com/dhsmfqka42/223578946532
2024-09-10 13:33:02,369 [crawl_naver_blogs, line 61] DEBUG: title = '성수 팝업 9월 SEF2024 네이버커넥트재단 : 네이버 블로그'
2024-09-10 13:33:02,369 [crawl_naver_blogs, line 62] DEBUG: content = ['성수 팝업 9월 SEF2024 네이버커넥트재단', '\u200b', '\u200b', '성수 팝업 9월', ' ', 'SEF2024', '네이버커넥트재단', '에서 주최한', '행사 후기를 남겨보려고 한다.', '\u200b', '\u200b', '개발자뿐만이 아니라 관심 있는', '모두를 위한 소프트웨어, AI 교육', '페스티벌이라 마음에 들었는데', '\u200b', '작년에 열렸던 페스티벌도 역대', '최다 참가자 수를 기록할 만큼', '뜨거운 관심 속에 열렸다고 한다.', '\u200b', '총 2일로 진행되어 1일은 온라인,', '2일은 오프라인 체.험.형 행사이다.', '\u200b', '\u200b', '교육부, 과학기술정보통신부,', '한국과학창의재단, NAVER 등', '후원사가 정말 빵빵했다.', '\u200b', '온라인, 오프라인 모두', '굿.즈도 많이 준다고 하니', '그럼 한번 제대로 살펴볼까?!', '\u200b', '\u200b', '\u200b', '\u200b', '지하철로 방문 시', ' 2호선이 지나는', '성수역 4번 출구에서 하차 후', '\u200b', '도보 3분 거리에 위치', '하고 있어', '접근성이 매우 좋다.', '\u200b', 'IBK 기업은행 건물이 위치한', '한서빌딩 1층에 열려 찾기 쉬웠다.', '\u200b', '주차장', '은 따로 구비되어 있지 않아', '근처 공영주차장 이용', '하시길', '\u200b', '\u200b', '앞에 도착해서 살펴보니', '성수 팝업 스트리트라 그런지', '사람이 정말 많았다.', '\u200b', '입구 쪽에 이렇게 웨이팅을', '걸어놓을 수 있게 되어있다.', '\u200b', '네이버커넥트재단에서 주최해서', '그런지 녹색의 시그니처 색상과', '귀여운 캐릭터들이 눈에 띄었다.', '\u200b', '\u200b', '미션은 총 6개', '로 들어오면', '이렇게 스티커를 붙일 수 있는', '수행지를 나눠주어 순서에 상관없이', '비어있는 부스를 방문하면 된다.', '\u200b', '\u200b', '추억의 쥬니어네이버가', '떠오르는 쥬니버스쿨은', '\u200b', '태블릿으로 자동차도 꾸미고', '그림도 그릴 수 있는 체험이', '자리에 있는 모자 쓰고 인증', '\u200b', '\u200b', '\u200b', '제일 인기가 많았던 엔트리는', '\u200b', '성수 팝업의 묘미인 인증샷으로', '남기기 좋은 이번 코너는', '\u200b', '나만의 포토카드를 블록 코딩으로', '만들어볼 수 있다.', '\u200b', '출력되며 시간이 좀 걸려서', '대기 줄이 길었지만 귀여워서 만족!', '\u200b', '\u200b', '보너스 코너로 함께 진행되는', '나만의 아바타를 만들어볼 수 있는', 'event도 진행 중이라 참여해 봤다.', '\u200b', '\u200b', '나만의 아바타를 만들 수 있어', '재미있었고 완료 시 귀여운 캐릭터', '배지도 받을 수 있다고 한다.', '\u200b', '\u200b', '인공지능이 우리의 삶을 편리하게', '바꿔주지만 윤리적인 문제들도 많이', '발생하고 있어 그로 인한 문제점들을', '미리 알아보고 생각할 수 있는 공간', '\u200b', '\u200b', '성수 팝업 체험하러 온 부모님과', '아이들이 함께 체험하는 게 보기 좋았다.', '\u200b', 'TV에 나오는 영상을 통해 배운', '문제점들을 마지막에 풀어내고', '정답을 맞히면 메모 남길 수 있음', '\u200b', '\u200b', '불러주는 낱말을 찾아 맞추는', '게임이 어렵지 않아 좋았다.', '\u200b', '\u200b', '태블릿에 나와있는 퀴즈를 맞히면', '옆에 위치한 개발자 체험을 할 수 있다.', '\u200b', '\u200b', '테이블 세팅이 되어있고 컴퓨터 화면에', '인증샷을 찍을 수 있게 되어있었다.', '뒤편에 옷도 있었고 안경도 있어서', '착용하고 사진 찍어주면 완료', '\u200b', '\u200b', '여기서는 나의 바람이 담긴 폴더에', '스티커를 붙이고 글을 적어 꾸밀 수 있는', '장소로 귀엽고 아기자기해서 취향 저격', '\u200b', '\u200b', '모든 미션을 완료하면 굿.즈를', '수령할 수 있는데 NAVER CONNECT를', '팔로우하면 수건도 제공하고 있었다.', '\u200b', '주는 게 엄청 많아서 놀랐는데', '가방, 볼펜, 비타민, 수건, 열쇠고리,', '음료수까지 제공되어 마음에 들었다.', '\u200b', '이것으로 성수 팝업', 'SEF2024 네이버커넥트재단', '다녀온 이야기를 마쳐보려고 한다.', '\u200b', '\u200b', '\u200b', '재미있고 흥미로운 구성에', '무료로 제공되는 제품이 많아', '정말 마음에 들었던', '\u200b', '네이버커넥트재단', '의', 'SEF2024', ' ', '성수 팝업', '\u200b', '\u200b', '\u200b', '\u200b', '쿼카의 다른 리뷰가 궁금하다면', '위 포스팅도 구경해 보세요 :D', '\u200b', '\u200b']
2024-09-10 13:33:02,370 [crawl_naver_blogs, line 67] DEBUG: Scraped: 성수 팝업 9월 SEF2024 네이버커넥트재단 : 네이버 블로그, 성수 팝업 9월 SEF2024 네이버커넥트재단
​
​
성수 팝업 9월
 
SEF2024
네이버커넥트재단
에서 주최한
행사 후기를 남겨보려고 한다.
​
​
개발자뿐만이 아니라 관심 있는
모두를 위한 소프트웨어, AI 교육
페스티벌이라 마음에 들었는데
​
작년에 열렸던 페스티벌도 역대
최다 참가자 수를 기록할 만큼
뜨거운 관심 속에 열렸다고 한다.
​
총 2일로 진행되어 1일은 온라인,
2일은 오프라인 체.험.형 행사이다.
​
​
교육부, 과학기술정보통신부,
한국과학창의재단, NAVER 등
후원사가 정말 빵빵했다.
​
온라인, 오프라인 모두
굿.즈도 많이 준다고 하니
그럼 한번 제대로 살펴볼까?!
​
​
​
​
지하철로 방문 시
 2호선이 지나는
성수역 4번 출구에서 하차 후
​
도보 3분 거리에 위치
하고 있어
접근성이 매우 좋다.
​
IBK 기업은행 건물이 위치한
한서빌딩 1층에 열려 찾기 쉬웠다.
​
주차장
은 따로 구비되어 있지 않아
근처 공영주차장 이용
하시길
​
​
앞에 도착해서 살펴보니
성수 팝업 스트리트라 그런지
사람이 정말 많았다.
​
입구 쪽에 이렇게 웨이팅을
걸어놓을 수 있게 되어있다.
​
네이버커넥트재단에서 주최해서
그런지 녹색의 시그니처 색상과
귀여운 캐릭터들이 눈에 띄었다.
​
​
미션은 총 6개
로 들어오면
이렇게 스티커를 붙일 수 있는
수행지를 나눠주어 순서에 상관없이
비어있는 부스를 방문하면 된다.
​
​
추억의 쥬니어네이버가
떠오르는 쥬니버스쿨은
​
태블릿으로 자동차도 꾸미고
그림도 그릴 수 있는 체험이
자리에 있는 모자 쓰고 인증
​
​
​
제일 인기가 많았던 엔트리는
​
성수 팝업의 묘미인 인증샷으로
남기기 좋은 이번 코너는
​
나만의 포토카드를 블록 코딩으로
만들어볼 수 있다.
​
출력되며 시간이 좀 걸려서
대기 줄이 길었지만 귀여워서 만족!
​
​
보너스 코너로 함께 진행되는
나만의 아바타를 만들어볼 수 있는
event도 진행 중이라 참여해 봤다.
​
​
나만의 아바타를 만들 수 있어
재미있었고 완료 시 귀여운 캐릭터
배지도 받을 수 있다고 한다.
​
​
인공지능이 우리의 삶을 편리하게
바꿔주지만 윤리적인 문제들도 많이
발생하고 있어 그로 인한 문제점들을
미리 알아보고 생각할 수 있는 공간
​
​
성수 팝업 체험하러 온 부모님과
아이들이 함께 체험하는 게 보기 좋았다.
​
TV에 나오는 영상을 통해 배운
문제점들을 마지막에 풀어내고
정답을 맞히면 메모 남길 수 있음
​
​
불러주는 낱말을 찾아 맞추는
게임이 어렵지 않아 좋았다.
​
​
태블릿에 나와있는 퀴즈를 맞히면
옆에 위치한 개발자 체험을 할 수 있다.
​
​
테이블 세팅이 되어있고 컴퓨터 화면에
인증샷을 찍을 수 있게 되어있었다.
뒤편에 옷도 있었고 안경도 있어서
착용하고 사진 찍어주면 완료
​
​
여기서는 나의 바람이 담긴 폴더에
스티커를 붙이고 글을 적어 꾸밀 수 있는
장소로 귀엽고 아기자기해서 취향 저격
​
​
모든 미션을 완료하면 굿.즈를
수령할 수 있는데 NAVER CONNECT를
팔로우하면 수건도 제공하고 있었다.
​
주는 게 엄청 많아서 놀랐는데
가방, 볼펜, 비타민, 수건, 열쇠고리,
음료수까지 제공되어 마음에 들었다.
​
이것으로 성수 팝업
SEF2024 네이버커넥트재단
다녀온 이야기를 마쳐보려고 한다.
​
​
​
재미있고 흥미로운 구성에
무료로 제공되는 제품이 많아
정말 마음에 들었던
​
네이버커넥트재단
의
SEF2024
 
성수 팝업
​
​
​
​
쿼카의 다른 리뷰가 궁금하다면
위 포스팅도 구경해 보세요 :D
​
​
2024-09-10 13:33:04,836 [crawl_naver_blogs, line 42] DEBUG: Current URL: https://blog.naver.com/chansung405501/223578969175
2024-09-10 13:33:05,116 [crawl_naver_blogs, line 61] DEBUG: title = '한라산 1100고지 고산 습지와 탐라각 정자에.. : 네이버블로그'
2024-09-10 13:33:05,116 [crawl_naver_blogs, line 62] DEBUG: content = ['백로가 지나고 내일이면 낮과 밤이 길이가 같다는 추분이다. 그럼에도 불구하고 더위는 수그러들지 않고 연일 폭염 날씨가 이어지고 있다. 하여, 더위도 식힐 겸 한라산 1100고지 고산 습지로 차를 몰았다. 이곳은 제주시와 서귀포시를 잇는 1100도로 중간지점에 위치해, 제주 여행객들이 잠시 휴식을 취하면서 제주도 습지를 둘러보기 좋은 제주도 여행지이다. 또한 람사르 습지로 지정된 한라산 1100고지 고산 습지는 한라산 동·식물들이 서식하는 보금자리이기도 하다. 대부분이 사람들은 화산토로 뒤덮인 제주도는 비가 내리면 물이 바로 땅으로 스며들어 습지가 잘 발달되지 못할 것이라는 생각을 한다. 맞는 말이다. 하지만, 화산이 폭발하면서 흘러내리다가 식으면서 굳어진 용암이 땅속에 박혀 있어 습지도 발달되어 있는 섬이다. 이번에 한라산 1100고지 고산 습지를 둘러보니 숲의 천이과정이 급속도로 빠르게 진행되고 있음을 볼 수 있었다. 햇볕에 노출된 지역에 자라던 여러 종류의 초본류 식물들은 사라지고, 그 자리에 관목림 등이 자리 잡고 있음을 볼 수 있다. 아주 자연스러운 자연의 천이과정이지만, 그동안 이곳에서 만났던 여러 종류의 초본류 식물들을 볼 수 없어 매우 안타깝다.', '한라산 1100고지 탐라각 휴게소', '주차하고 한라산 1100고지 고산습지를 둘러보기 전에 한라산 조망권 일품인 탐라각 휴게소로 올라선다. 탐라각 휴게소 1층은 제주 특산품을 판매하는 매장으로 이용하고 2층은 1100고지 습지 전시관으로 이용되고 있다. 탐라각 휴게소는 무더운 여름에도 기온이 서늘하여 제주도로 여행 온 여행객들이 피서지로 많이 찾는 곳이다. 더 좋은 것은 탐라각 정자에서 아름답고 웅장한 한라산 풍광을 배경으로 기념사진을 찍을 수 있어 많은 여행객들이 즐겨 찾는다.', '한라산 1100고지 탐라각 휴게소 2층으로 올라서니 습지 전시관이 눈에 들어온다. 전시관에는 한라산 1100고지에 서식하는 동·식물에 대해 자세히 전시하고 있어 많은 공부가 된다.', '탐라각 휴게소 2층 전망대에서 조망되는 한라산 풍광', '탐라각 휴게소 2층 1100고지 습지 전시관을 둘러보고 전망대로 이동하여 바라본 한라산 풍광이다. 남서쪽에서 구름이 몰려와 초록으로 물든 한라산을 포근히 감싸는 풍광이다. 저 멀리 쳇망오름, 불레오름은 보이는데, 한라산 분화구와 윗세오름은 구름으로 가려 보이지 않는다. 주차장은 여행객들이 타고 온 렌터카로 만원이고, 한라산에서 불어온 시원한 산들바람은 이마에 맺힌 땀방울을 말끔히 씻어준다.', '우리나라에서 가장 높은 곳에 위치한 1100도로를 알리는 표지석', '한라산 1100고지 고산 습지 앞에는 해발 1100m를 알리는 표지석이 세워져 있다. 1100도로인 이 도로는 한라산을 횡단하여 제주시 노형동과 서귀포시 중문동을 잇는 도로로 수많은 사람들이 드라이브 코스로 즐겨 찾는 도로이다.', '제주 1100고지 탐방안내소', '습지로 들어서다 보니 제주 1100고지 탐방안내소와 제주 1100고지 습지 보호지역을 알리는 안내판이 눈에 들어온다. 예전에는 이곳에 해설사를 배치해 체험 탐방 프로그램을 운영하고 해설을 들을 수 있었는데, 지금은 운영을 하지 않는 것 같다.', '탐방안내소를 지나 데크시설을 따라 안으로 들어서니 제주 1100고지 고산 습지가 눈앞에 펼쳐진다. 이곳 한라산 1100고지 고산 습지는 멸종 위기종 및 희귀종이 서식하는 독특한 지형에 발달한 고산 습지로서의 가치가 인정되어 2009년 람사르 습지로 지정되어 관리되고 있다.', '한라산 1100고지 고산 습지 풍경', '넓은 습지가 펼쳐지는 한라산 1100고지 고산 습지 풍경이다. 도로변에서 몇 발자국만 안으로 들어서면 완전히 다른 세상이 펼쳐지는 곳이 바로 한라산 1100고지 고산 습지이다. 한라산국립공원과 생물권 보전지역 안에 위치해 있는 한라산 1100고지 고산 습지에는 민물성 늪과 식물로 구성돼 생물종 다양성이 풍부하다.', '데크시설로 만들어진 탐방로를 따라 이동하다 보면 여러 종류의 동·식물이 서식하고 있음에 볼 수 있다. 또한 데크시설 너머로 아름답고 웅장한 한라산 풍광은 덤으로 다가온다. 오늘도 보니까 단체로 여행을 나선 여행객들이 탐방로를 따라 이동하며 한라산 1100고지 고산 습지 풍경을 배경으로 기념사진을 찍는 모습이 눈에 들어온다.', '한라산 1100고지 고산 습지의 상징적인 풍경', '한라산 1100고지 고산 습지 모습을 보여주는 상징적인 풍경이다. 화산이 폭발하면서 만들어진 현무암으로 이루어진 습지에는 각종 지의류와 이끼류가 자라고 있다. 현무암으로 이루어진 한라산의 지질 특성으로 물 빠짐이 심해 투수성이 높아 담수량은 많지 않으나 야생동물에게 아주 중요한 물 공급원 역할을 하는 독특하고 희귀한 유형의 습지가 바로 한라산 1100고지 고산 습지이다.', '나무데크로 만들어진 탐방로를 따라 걷다 보면 화산이 폭발하면서 날아온 화산탄이 습지 이곳저곳에 널브러져 있고, 그 사이로 물이 흘러내리는 모습이 눈에 들어온다. 전형적인 고산 습지 풍경이다.', '화산탄이 널브러진 제주 한라산 1100고지 고산 습지 지의류와 이끼류', '화산탄이 널브러진 바위에는 각종 지의류가 붙어서 자라고 있다. 지의류는 남극과 북극 같은 극한 기후에서도 생존하지만, 공기가 오염된 곳에서는 살지 못한다고 한다. 즉, 지의류가 자라는 곳은 공기가 깨끗하다는 말이니, 한라산 1100고지 고산 습지 탐방 시에는 숨을 크게 들이 마시기 바란다. 물속을 자세히 보면 물속에서 자라는 식물을 볼 수 있는데 신기하다. 이곳에서 보이는 진풍경이다.', '각종 지의류가 널려 있는 지의류 천국, 한라산 1100고지 고산 습지 풍경이다. 화산이 폭발하면서 날아온 화산탄이 널브러진 습지에는 여러 종류의 지의류와 이끼류가 자랄 수 있는 최적의 조건을 만들고 있다.', '여러 환경 조건이 좋은 한라산 1100고지 고산 습지는 동·식물들의 천국이기도 하다. 흔히 보이는 노루를 비롯해 오소리, 큰부리까마귀, 노랑턱멧새, 흰눈썹황금새, 곤줄박이 등이 이곳에서 서식하고 있다.', '잘 정비된 탐방로를 따라 걷다 보니 한라산에서 불어오는 산들바람이 기분을 좋게 해서 그런지 공기가 완전히 다른 느낌을 피부로 느낄 수 있다. 더 좋은 것은 숲에서 전해오는 향긋한 향기가 머리를 맑게 한다.', '자연림이 밀집하여 자르는 사이로 이어지는 나무 데크 길에는 단풍이 서서히 물들기 시작한 나무도 간혹 눈에 들어온다. 올여름은 유난히 더워 올해 단풍 색깔은 어떨지 궁금해진다.', '한라산 1100고지 고산 습지는 기온이 제주시 중심부와 많이 차이나 선선한 느낌이 든다. 그래서 많은 사람들이 피서 겸 나들이 나온 모습을 볼 수 있다.', '한라산 1100고지 고산 습지에서 바라본 탐라각 정자와 그 너머에 자리 잡은 삼형제 큰오름', '탐방로를 따라 쉬엄쉬엄 걷다 보니 탁 트인 공간이 나타난다. 물이 가득 고여 있어야 할 습지에는 가뭄이 심하고, 그 너머에는 제주도 오름인 삼형제 큰오름의 고운 능선과 1100도로에 자리 잡은 휴게소 탐라각 정자 모습이 보인다.', '제주 한라산 1100고지 고산 습지에 자라는 기이한 나무', '나무 데크로 만들어진 탐방로를 따라 걷다 보면 기이하게 생긴 나무들이 눈에 들어온다. 바람에 이리 휘고 저리 흰 나무가 인상적으로 다가온다.', '가뭄으로 바싹 마른 한라산 1100고지 고산 습지 ', '가뭄으로 바싹 마른 습지에는 한라물부추가 힘겹게 꽃을 피운 모습이 눈에 들어온다. 한라산 1100고지 고산 습지는 몇 년 전과 많이 달라진 모습이다. 여러 종류의 자연림이 자라면서 숲이 형성되고 있다. 특히 키 큰 관목림이 우점하여 자라면서 하층에 자라는 초본류를 비롯한 난 종류의 식물들은 자취를 감추고 있어 안타깝다. 아주 자연스러운 현상이지만, 야생화를 좋아하는 나에겐 매우 안타까운 모습이 아닐 수 없다. 이러다간 제주의 가을을 아름답게 수놓는 한라물부추를 볼 수 없을 지도 모른다는 생각이 든다. ', '잘 정비된 탐방로를 따라 이동하다 보니 나뭇 사이로 탐라각 정자가 눈에 들어오고 그 뒤로 삼형제 큰오름 능선이 보인다.', '제주 한라산 1100고지 고산 습지 탐방로는 나무 데크로 만들어져 어린이와 노약자도 탐방하기 쉽고, 습지 형성 과정과 이곳에 사는 동·식물도 볼 수 있다.', '물이 가득 차 있어야 할 습지는 담수량이 부족해 가뭄이 심한 상태임을 한눈에 알 수 있다. 한라산 1100고지 고산 습지는 한라산에서 흘러내린 물과 빗물이 고여 형성된 곳으로 투수성이 높은 제주 다른 지역과는 달리 바닥에 퇴적층이 있어 심하게 가물지 않으면 물이 빠지지 않고 상시 고이는 특이한 지형이다.', '쉬엄쉬엄 둘러보다 보니 처음 출발했던 원점에 도착했다. 한라산 1100고지 고산 습지는 한 바퀴 둘러보는 데 약 30분이 소요된다. 제주시에서 서귀포시로 넘어가다 더위를 피해 잠시 쉬어가면 좋은 제주 여행지가 바로 제주 한라산 1100고지 고산 습지이다. 일상의 고민에서 해방감을 맛볼 수 있으며, 여유로움과 자유를 잠시나마 만끽할 수 있어 좋다.', '\u200b', '※ 한라산 1100고지 고산 습지 여행 정보', '◆ 주소 : 서귀포시 1100로 1555', '◆ 탐방 소요시간 : 약 30분', '◆ 입장료 : 무료', '◆ 주차료 : 무료', '◆ 탐방로 : 시설이 잘 되어 있음(누구나 탐방 가능)', '◆ 문의 및 안내 : 제주관광정보센터 064-740-6000~1', '\u200b']
2024-09-10 13:33:05,116 [crawl_naver_blogs, line 67] DEBUG: Scraped: 한라산 1100고지 고산 습지와 탐라각 정자에.. : 네이버블로그, 백로가 지나고 내일이면 낮과 밤이 길이가 같다는 추분이다. 그럼에도 불구하고 더위는 수그러들지 않고 연일 폭염 날씨가 이어지고 있다. 하여, 더위도 식힐 겸 한라산 1100고지 고산 습지로 차를 몰았다. 이곳은 제주시와 서귀포시를 잇는 1100도로 중간지점에 위치해, 제주 여행객들이 잠시 휴식을 취하면서 제주도 습지를 둘러보기 좋은 제주도 여행지이다. 또한 람사르 습지로 지정된 한라산 1100고지 고산 습지는 한라산 동·식물들이 서식하는 보금자리이기도 하다. 대부분이 사람들은 화산토로 뒤덮인 제주도는 비가 내리면 물이 바로 땅으로 스며들어 습지가 잘 발달되지 못할 것이라는 생각을 한다. 맞는 말이다. 하지만, 화산이 폭발하면서 흘러내리다가 식으면서 굳어진 용암이 땅속에 박혀 있어 습지도 발달되어 있는 섬이다. 이번에 한라산 1100고지 고산 습지를 둘러보니 숲의 천이과정이 급속도로 빠르게 진행되고 있음을 볼 수 있었다. 햇볕에 노출된 지역에 자라던 여러 종류의 초본류 식물들은 사라지고, 그 자리에 관목림 등이 자리 잡고 있음을 볼 수 있다. 아주 자연스러운 자연의 천이과정이지만, 그동안 이곳에서 만났던 여러 종류의 초본류 식물들을 볼 수 없어 매우 안타깝다.
한라산 1100고지 탐라각 휴게소
주차하고 한라산 1100고지 고산습지를 둘러보기 전에 한라산 조망권 일품인 탐라각 휴게소로 올라선다. 탐라각 휴게소 1층은 제주 특산품을 판매하는 매장으로 이용하고 2층은 1100고지 습지 전시관으로 이용되고 있다. 탐라각 휴게소는 무더운 여름에도 기온이 서늘하여 제주도로 여행 온 여행객들이 피서지로 많이 찾는 곳이다. 더 좋은 것은 탐라각 정자에서 아름답고 웅장한 한라산 풍광을 배경으로 기념사진을 찍을 수 있어 많은 여행객들이 즐겨 찾는다.
한라산 1100고지 탐라각 휴게소 2층으로 올라서니 습지 전시관이 눈에 들어온다. 전시관에는 한라산 1100고지에 서식하는 동·식물에 대해 자세히 전시하고 있어 많은 공부가 된다.
탐라각 휴게소 2층 전망대에서 조망되는 한라산 풍광
탐라각 휴게소 2층 1100고지 습지 전시관을 둘러보고 전망대로 이동하여 바라본 한라산 풍광이다. 남서쪽에서 구름이 몰려와 초록으로 물든 한라산을 포근히 감싸는 풍광이다. 저 멀리 쳇망오름, 불레오름은 보이는데, 한라산 분화구와 윗세오름은 구름으로 가려 보이지 않는다. 주차장은 여행객들이 타고 온 렌터카로 만원이고, 한라산에서 불어온 시원한 산들바람은 이마에 맺힌 땀방울을 말끔히 씻어준다.
우리나라에서 가장 높은 곳에 위치한 1100도로를 알리는 표지석
한라산 1100고지 고산 습지 앞에는 해발 1100m를 알리는 표지석이 세워져 있다. 1100도로인 이 도로는 한라산을 횡단하여 제주시 노형동과 서귀포시 중문동을 잇는 도로로 수많은 사람들이 드라이브 코스로 즐겨 찾는 도로이다.
제주 1100고지 탐방안내소
습지로 들어서다 보니 제주 1100고지 탐방안내소와 제주 1100고지 습지 보호지역을 알리는 안내판이 눈에 들어온다. 예전에는 이곳에 해설사를 배치해 체험 탐방 프로그램을 운영하고 해설을 들을 수 있었는데, 지금은 운영을 하지 않는 것 같다.
탐방안내소를 지나 데크시설을 따라 안으로 들어서니 제주 1100고지 고산 습지가 눈앞에 펼쳐진다. 이곳 한라산 1100고지 고산 습지는 멸종 위기종 및 희귀종이 서식하는 독특한 지형에 발달한 고산 습지로서의 가치가 인정되어 2009년 람사르 습지로 지정되어 관리되고 있다.
한라산 1100고지 고산 습지 풍경
넓은 습지가 펼쳐지는 한라산 1100고지 고산 습지 풍경이다. 도로변에서 몇 발자국만 안으로 들어서면 완전히 다른 세상이 펼쳐지는 곳이 바로 한라산 1100고지 고산 습지이다. 한라산국립공원과 생물권 보전지역 안에 위치해 있는 한라산 1100고지 고산 습지에는 민물성 늪과 식물로 구성돼 생물종 다양성이 풍부하다.
데크시설로 만들어진 탐방로를 따라 이동하다 보면 여러 종류의 동·식물이 서식하고 있음에 볼 수 있다. 또한 데크시설 너머로 아름답고 웅장한 한라산 풍광은 덤으로 다가온다. 오늘도 보니까 단체로 여행을 나선 여행객들이 탐방로를 따라 이동하며 한라산 1100고지 고산 습지 풍경을 배경으로 기념사진을 찍는 모습이 눈에 들어온다.
한라산 1100고지 고산 습지의 상징적인 풍경
한라산 1100고지 고산 습지 모습을 보여주는 상징적인 풍경이다. 화산이 폭발하면서 만들어진 현무암으로 이루어진 습지에는 각종 지의류와 이끼류가 자라고 있다. 현무암으로 이루어진 한라산의 지질 특성으로 물 빠짐이 심해 투수성이 높아 담수량은 많지 않으나 야생동물에게 아주 중요한 물 공급원 역할을 하는 독특하고 희귀한 유형의 습지가 바로 한라산 1100고지 고산 습지이다.
나무데크로 만들어진 탐방로를 따라 걷다 보면 화산이 폭발하면서 날아온 화산탄이 습지 이곳저곳에 널브러져 있고, 그 사이로 물이 흘러내리는 모습이 눈에 들어온다. 전형적인 고산 습지 풍경이다.
화산탄이 널브러진 제주 한라산 1100고지 고산 습지 지의류와 이끼류
화산탄이 널브러진 바위에는 각종 지의류가 붙어서 자라고 있다. 지의류는 남극과 북극 같은 극한 기후에서도 생존하지만, 공기가 오염된 곳에서는 살지 못한다고 한다. 즉, 지의류가 자라는 곳은 공기가 깨끗하다는 말이니, 한라산 1100고지 고산 습지 탐방 시에는 숨을 크게 들이 마시기 바란다. 물속을 자세히 보면 물속에서 자라는 식물을 볼 수 있는데 신기하다. 이곳에서 보이는 진풍경이다.
각종 지의류가 널려 있는 지의류 천국, 한라산 1100고지 고산 습지 풍경이다. 화산이 폭발하면서 날아온 화산탄이 널브러진 습지에는 여러 종류의 지의류와 이끼류가 자랄 수 있는 최적의 조건을 만들고 있다.
여러 환경 조건이 좋은 한라산 1100고지 고산 습지는 동·식물들의 천국이기도 하다. 흔히 보이는 노루를 비롯해 오소리, 큰부리까마귀, 노랑턱멧새, 흰눈썹황금새, 곤줄박이 등이 이곳에서 서식하고 있다.
잘 정비된 탐방로를 따라 걷다 보니 한라산에서 불어오는 산들바람이 기분을 좋게 해서 그런지 공기가 완전히 다른 느낌을 피부로 느낄 수 있다. 더 좋은 것은 숲에서 전해오는 향긋한 향기가 머리를 맑게 한다.
자연림이 밀집하여 자르는 사이로 이어지는 나무 데크 길에는 단풍이 서서히 물들기 시작한 나무도 간혹 눈에 들어온다. 올여름은 유난히 더워 올해 단풍 색깔은 어떨지 궁금해진다.
한라산 1100고지 고산 습지는 기온이 제주시 중심부와 많이 차이나 선선한 느낌이 든다. 그래서 많은 사람들이 피서 겸 나들이 나온 모습을 볼 수 있다.
한라산 1100고지 고산 습지에서 바라본 탐라각 정자와 그 너머에 자리 잡은 삼형제 큰오름
탐방로를 따라 쉬엄쉬엄 걷다 보니 탁 트인 공간이 나타난다. 물이 가득 고여 있어야 할 습지에는 가뭄이 심하고, 그 너머에는 제주도 오름인 삼형제 큰오름의 고운 능선과 1100도로에 자리 잡은 휴게소 탐라각 정자 모습이 보인다.
제주 한라산 1100고지 고산 습지에 자라는 기이한 나무
나무 데크로 만들어진 탐방로를 따라 걷다 보면 기이하게 생긴 나무들이 눈에 들어온다. 바람에 이리 휘고 저리 흰 나무가 인상적으로 다가온다.
가뭄으로 바싹 마른 한라산 1100고지 고산 습지 
가뭄으로 바싹 마른 습지에는 한라물부추가 힘겹게 꽃을 피운 모습이 눈에 들어온다. 한라산 1100고지 고산 습지는 몇 년 전과 많이 달라진 모습이다. 여러 종류의 자연림이 자라면서 숲이 형성되고 있다. 특히 키 큰 관목림이 우점하여 자라면서 하층에 자라는 초본류를 비롯한 난 종류의 식물들은 자취를 감추고 있어 안타깝다. 아주 자연스러운 현상이지만, 야생화를 좋아하는 나에겐 매우 안타까운 모습이 아닐 수 없다. 이러다간 제주의 가을을 아름답게 수놓는 한라물부추를 볼 수 없을 지도 모른다는 생각이 든다. 
잘 정비된 탐방로를 따라 이동하다 보니 나뭇 사이로 탐라각 정자가 눈에 들어오고 그 뒤로 삼형제 큰오름 능선이 보인다.
제주 한라산 1100고지 고산 습지 탐방로는 나무 데크로 만들어져 어린이와 노약자도 탐방하기 쉽고, 습지 형성 과정과 이곳에 사는 동·식물도 볼 수 있다.
물이 가득 차 있어야 할 습지는 담수량이 부족해 가뭄이 심한 상태임을 한눈에 알 수 있다. 한라산 1100고지 고산 습지는 한라산에서 흘러내린 물과 빗물이 고여 형성된 곳으로 투수성이 높은 제주 다른 지역과는 달리 바닥에 퇴적층이 있어 심하게 가물지 않으면 물이 빠지지 않고 상시 고이는 특이한 지형이다.
쉬엄쉬엄 둘러보다 보니 처음 출발했던 원점에 도착했다. 한라산 1100고지 고산 습지는 한 바퀴 둘러보는 데 약 30분이 소요된다. 제주시에서 서귀포시로 넘어가다 더위를 피해 잠시 쉬어가면 좋은 제주 여행지가 바로 제주 한라산 1100고지 고산 습지이다. 일상의 고민에서 해방감을 맛볼 수 있으며, 여유로움과 자유를 잠시나마 만끽할 수 있어 좋다.
​
※ 한라산 1100고지 고산 습지 여행 정보
◆ 주소 : 서귀포시 1100로 1555
◆ 탐방 소요시간 : 약 30분
◆ 입장료 : 무료
◆ 주차료 : 무료
◆ 탐방로 : 시설이 잘 되어 있음(누구나 탐방 가능)
◆ 문의 및 안내 : 제주관광정보센터 064-740-6000~1
​
2024-09-10 13:33:06,415 [crawl_naver_blogs, line 42] DEBUG: Current URL: https://blog.naver.com/yk-story/223578958625
2024-09-10 13:33:06,488 [crawl_naver_blogs, line 61] DEBUG: title = '[EVENT] 여름의 끝에만 볼 수 있는 비밀.. : 네이버블로그'
2024-09-10 13:33:06,488 [crawl_naver_blogs, line 62] DEBUG: content = ['[EVENT] 여름의 끝에만 볼 수 있는 비밀의 공간, 관악수목원', '우리강산 푸르게 푸르게와 관악수목원', '신비한 관악수목원을 탐방해요', '아이와 가기도 좋은 수목원', 'EVENT에 참여해 주세요', '※당첨자 발표의 경우 기본 댓글 및 남겨주신 댓글에 비밀글로 안내드립니다.', '※당첨자이나 개인정보 수집 기간 내로 정보를 남겨주지 않으실 경우,', '이벤트 당첨은 자동 취소될 수 있으니 반드시 기간 내 정보를 입력해 주세요.', '\u200b', '\u200b']
2024-09-10 13:33:06,488 [crawl_naver_blogs, line 67] DEBUG: Scraped: [EVENT] 여름의 끝에만 볼 수 있는 비밀.. : 네이버블로그, [EVENT] 여름의 끝에만 볼 수 있는 비밀의 공간, 관악수목원
우리강산 푸르게 푸르게와 관악수목원
신비한 관악수목원을 탐방해요
아이와 가기도 좋은 수목원
EVENT에 참여해 주세요
※당첨자 발표의 경우 기본 댓글 및 남겨주신 댓글에 비밀글로 안내드립니다.
※당첨자이나 개인정보 수집 기간 내로 정보를 남겨주지 않으실 경우,
이벤트 당첨은 자동 취소될 수 있으니 반드시 기간 내 정보를 입력해 주세요.
​
​
2024-09-10 13:33:08,093 [crawl_naver_blogs, line 42] DEBUG: Current URL: https://blog.naver.com/suyeonri/223578979271
2024-09-10 13:33:09,110 [crawl_naver_blogs, line 61] DEBUG: title = '경기도 아이와 가볼만한곳 시흥 웨이브파크 거북.. : 네이버블로그'
2024-09-10 13:33:09,110 [crawl_naver_blogs, line 62] DEBUG: content = ['오늘은 ', '경기도 시흥 가볼만한곳', '\u200b', ' ', '이야기를 담아보려', '합니다. 오늘 이야기할 장소는 ', '시흥 서핑', '부터 다이빙,', '키즈풀과 야외풀까지 모두 즐겨볼 수 있는 도심 속의', '테마파크로 ', '시흥 여행 장소', '로도 입소문 난 곳입니다.', '\u200b', '국내 임에도 마치 해외 간 듯한 이국적인 분위기가', '매력적이던 ', '경기도 아이와 가볼만한곳', '. 수도권에서', '대략 한 시간 정도면 도착해 즐길 수 있는 장소라서', '가볍게 여행 다녀오기 좋아요. 그럼 시작해볼게요.', '경기도 아이와 가볼만한곳 시흥 웨이브파크', '거북섬 물놀이 놀거리 서핑 여행', '오늘의 ', '경기도 시흥 가볼만한곳', ' 주인공은 바로 ', '이곳', '.', '전세계 서퍼들의 성지로, ', '웨이브파크', '에서 서핑 한 달', '정도면 실제 바다에서 서핑 1년하는 것 만큼 실력을', '늘릴 수 있는 ', '시흥 놀거리 코스', '입니다. 힐링하기 딱 :)', '시흥 웨이브파크 셔틀', '이날, ', '\u200b', '경기도 가볼만한곳 여행', '은 대중교통 이용해', '방문해봤습니다. 버스로 르컬렉티브 이비자가든에', '내려 무료 전동셔틀 타고 웨이브파크로 이동했어요.', '셔틀 운행시간은 평일과 주말 차이가 있으니 확인.', '\u200b', '뿐만 아니라, 광역 콜버스를 이용해 사당에서부터', '이곳', '까지 직행으로 이동할 수 있어요. 카카오 T 어플', '이용해 광역 콜버스 사전 예약하면 자차 없이도 편히', '방문 가능해요. 자차 없이 오실 분들은 기억해두기.', '시흥 거북섬', '경기도 시흥 가볼만한곳', '들 중, 으뜸으로 입소문 난', '이곳', '은 ', '시흥 거북섬 관광지', ' 내 위치하고 있어서 서핑', '전후로 이곳저곳 여행해볼 겸 구경다니기 좋습니다.', '시흥 웨이브파크 EAST 입구', '시흥 거북섬 관광지', '에서 대략 도보 10분 이내로', '도착할 수 있는 오늘의 관광지. 자신의 보드를 가져온', '해외 서퍼 분도 심심치 않게 만나볼 수 있었답니다.', '\u200b', '시흥 웨이브파크 주차요금 / 내부 안내', '경기도 가볼만한곳 여행', ' 시, 자차로 오시는 분들은', '웨이브파크 제1주차장 또는 웨이브파크 제2주차장', '검색하면 더 쉽습니다. 주차 후, 무료 전동셔틀 타고', '3분 정도 이동하면 끝. 주차는 8시간 무료 이용가능.', '\u200b', '(추가 10분당, 1천원 씩 부과되며 하루 최대 5만원)', '이곳', '은 서핑, 다이빙, 키즈풀, 야외풀을 즐길 수 있는', '야외 서핑 테마파크이고 지도에서 볼 수 있듯 서프존', '미오코스타존으로 나뉘어져 있으며 다양한 액티비티', '이용할 수 있어요. 현장보다는 온라인 예약 권장해요.', '\u200b', '온라인에서 티켓 결제 시, 예약 카톡 또는 문자 발송', '되어 전달받은 바코드를 입구에 보여주면 바로 입장', '가능한 시스템입니다. ', '온라인으로 합리적 이용하기.', '입구에서 제공받은 락커키를 가지고 서핑 슈트로', '환복하면 됩니다. 착용방법 및 탈의는 사진으로 확인.', '비치타올과 수건은 유료 렌탈 가능해요. 수건 2천원,', '비치타올은 8천원의 렌탈비가 따로 발생한답니다.', '\u200b', '파크 내부에서는 아쿠아 슈즈 또는 슬리퍼 착용을', '권장하고 수영복과 비치웨어 등은 별도로 렌탈할 수', '있는 곳이 없어 따로 챙겨와야 됩니다. 또한, 이유식', '제외하고 외부 음식 반입 불가니 이점도 기억해두기.', '나가는 입구에 구명조끼 렌탈도 있으니 아무 것도', '가져오지 않은 분들도 편히 렌탈 가능. 가족 샤워실과', '수유실도 있어 영유아, 어린이들 방문하기도 좋아요.', '만반의 준비를 마쳤다면, 본격적으로 오늘의 주인공', '시흥 여행 목적지', '로 이동해봅니다. 서핑하기에 앞서', '안전교육 필수. 서핑강습은 매 시간 30분에 시작되니', '경기도 시흥 가볼만한곳 서핑 장소', ' 찾는다면 메모 :)', '\u200b', '시흥 놀거리', '할 때, 서핑 슈트는 필수 착용하기.', '그리고 락커키는 물에 들어갈 때도 꼭 챙기세요.', '\u200b', '시흥 서핑 레슨', '안전교육 이수 후, ', '서핑 레슨 프로그램', '이 시작됩니다.', '지상강습과 수상강습으로 대략 90분 정도 진행되는데', '비기너도 쉽게 서핑 배워볼 수 있어요. 저는 처음이라', '베이 초급 레슨을 신청했고 홈페이지로 예약가능해요', '물에 잠깐씩 뜨는 생존 수영 정도만 할 수 있는', '초보자도 베이 초급 레슨은 부담없습니다. 베이존은', '발이 충분히 닿는 얕은 수심이라 수영을 전혀 못하는', '사람들도 서핑 가능해요. 자세도 꼼꼼히 봐주십니다.', '강습 후에는, 배정받은 보드와 함께 물에 들어가기. ', '초급자들과 중상급자 모두 본인의 수준에 맞게 서핑', '즐길 수 있도록 존이 나뉘어져 안전하게 이용 가능.', '이색 데이트 즐기기 딱 좋은 ', '경기도 시흥 가볼만한곳', '.', '시흥 웨이브파크', '는 환승연애 태이와 나언의 서핑', '데이트 장소로도 알려져있는 곳인 거 알고 계시나요?', '그래서인지 어디서 사진 찍어도 그냥 인생샷입니다.', '경기도 가볼만한곳 여행', '으로 ', '시흥 서핑', ' 즐긴 후에', '인생사진도 건져봤습니다. 이국적인 분위기가 나서', '사진 찍기 좋아요. 서핑 슈트도 꽤 멋지기도 하고 :-)', '서해안의 아름다운 노을과 낙조풍경도 볼 수 있어요.', '시흥 거북섬', '의 또 다른 시흥 놀거리는', ' 미오코스타존', '.', '입장 후 1층으로 가보면 분수대가 있는데 분수대에서', '오른쪽 방향에 미오코스타존이 있어요. 입장권 결제한', '모든 분들이 이용가능하기에 남녀노소 인기가 많아요.', '키즈풀', '시흥 아이와 가볼만한곳', '답게 모든 수질이 100%', '수돗물로 최신식 수처리 시설을 가동하여 깨끗하고', '안전하게 이용할 수 있는 곳입니다. ', '아이들과 함께', '시흥 물놀이 즐기기 제격. 수심도 0.4M로 안전해요.', '\u200b', '터틀풀', '경기도 가볼만한곳 여행', ' 다음 장소는 ', '키즈풀', '에서', '터널을 따라 안쪽으로 들어가면 나오는 터틀풀. 대략', '1M 정도 수심으로 재밌는 놀이기구 즐기기 좋아요.', '미오풀', '다음은 ', '미오풀', '. MIO COSTA로 크게 간판이 걸려진', '이곳', '의 메인 야외 파도풀장으로 국내 최대 크기 야외', '풀장입니다. 마치 바다에 온 듯, 파도 즐길 수 있어요.', '아일랜드스파', '시흥 물놀이', ' 야무지게 즐겼다면 체온 조절하는', '시간도 필요하죠. 물놀이 하다가 몸을 녹일 수 있는', '체온 유지풀장', '입니다. ', '어린 아이들에게도 안성맞춤.', '레크리에이션 풀', '경기도 가볼만한곳 여행', ' 다음 코스는 ', '레크리에이션', '풀', '. 미오코스타존 맨 안쪽에 위치한 시설로 어린이들', '위한 스쿠버다이빙 체험을 할 수 있어요. ', '어린이 체험', '다이빙은 수심 1.8M, 레펠 다이브도 즐길 수 있어요.', '\u200b', '다이빙 풀', '마지막은 ', '다이빙 풀', '. ', '이곳', '에서는 플랫폼 다이빙도', '할 수 있고 스쿠버 다이빙도 할 수 있다고 합니다.', '썬베드 카라반 렌탈', '따로, ', '카바나와 선베드도 따로 유료 렌탈', ' 가능해요.', '카바나는 선풍기와 커튼도 있어서 낮잠자기 좋아요.', '시흥 물놀이', ' 즐기기 위한 모든 준비물은 내부에서', '유료 대여 가능합니다. 준비물 없이 몸만 가더라도', '슈트, 보드 등 모든 장비들은 현장 렌탈 가능합니다.', '웨이브파크 먹거리', '시흥 아이와 가볼만한곳', ' 주인공, 이곳은 푸드코트도', '알차요. 유튜버 쯔양의 정원분식부터 퀸즈블랙 햄버거', '그리고 서플렉스도 많아 식사도 해결할 수 있답니다.', '\u200b', '오늘은 ', '경기도 아이와 가볼만한곳 시흥 웨이브파크', '거북섬 물놀이 놀거리 서핑 여행', '에 대해 담아봤어요.', '엄정화, 유세윤님도 자주 찾는다는 시흥 웨이브파크.', '\u200b', '미오코스타존은 9월 1일로 운영 종료됐지만 날이', '선선해지는 요즘이 서핑하기 제격이라던데 새로운', '취미로 함께 ', '서핑 레슨 배워보시는 건 어떨까요 ?', '\u200b', '\u200b']
2024-09-10 13:33:09,110 [crawl_naver_blogs, line 67] DEBUG: Scraped: 경기도 아이와 가볼만한곳 시흥 웨이브파크 거북.. : 네이버블로그, 오늘은 
경기도 시흥 가볼만한곳
​
 
이야기를 담아보려
합니다. 오늘 이야기할 장소는 
시흥 서핑
부터 다이빙,
키즈풀과 야외풀까지 모두 즐겨볼 수 있는 도심 속의
테마파크로 
시흥 여행 장소
로도 입소문 난 곳입니다.
​
국내 임에도 마치 해외 간 듯한 이국적인 분위기가
매력적이던 
경기도 아이와 가볼만한곳
. 수도권에서
대략 한 시간 정도면 도착해 즐길 수 있는 장소라서
가볍게 여행 다녀오기 좋아요. 그럼 시작해볼게요.
경기도 아이와 가볼만한곳 시흥 웨이브파크
거북섬 물놀이 놀거리 서핑 여행
오늘의 
경기도 시흥 가볼만한곳
 주인공은 바로 
이곳
.
전세계 서퍼들의 성지로, 
웨이브파크
에서 서핑 한 달
정도면 실제 바다에서 서핑 1년하는 것 만큼 실력을
늘릴 수 있는 
시흥 놀거리 코스
입니다. 힐링하기 딱 :)
시흥 웨이브파크 셔틀
이날, 
​
경기도 가볼만한곳 여행
은 대중교통 이용해
방문해봤습니다. 버스로 르컬렉티브 이비자가든에
내려 무료 전동셔틀 타고 웨이브파크로 이동했어요.
셔틀 운행시간은 평일과 주말 차이가 있으니 확인.
​
뿐만 아니라, 광역 콜버스를 이용해 사당에서부터
이곳
까지 직행으로 이동할 수 있어요. 카카오 T 어플
이용해 광역 콜버스 사전 예약하면 자차 없이도 편히
방문 가능해요. 자차 없이 오실 분들은 기억해두기.
시흥 거북섬
경기도 시흥 가볼만한곳
들 중, 으뜸으로 입소문 난
이곳
은 
시흥 거북섬 관광지
 내 위치하고 있어서 서핑
전후로 이곳저곳 여행해볼 겸 구경다니기 좋습니다.
시흥 웨이브파크 EAST 입구
시흥 거북섬 관광지
에서 대략 도보 10분 이내로
도착할 수 있는 오늘의 관광지. 자신의 보드를 가져온
해외 서퍼 분도 심심치 않게 만나볼 수 있었답니다.
​
시흥 웨이브파크 주차요금 / 내부 안내
경기도 가볼만한곳 여행
 시, 자차로 오시는 분들은
웨이브파크 제1주차장 또는 웨이브파크 제2주차장
검색하면 더 쉽습니다. 주차 후, 무료 전동셔틀 타고
3분 정도 이동하면 끝. 주차는 8시간 무료 이용가능.
​
(추가 10분당, 1천원 씩 부과되며 하루 최대 5만원)
이곳
은 서핑, 다이빙, 키즈풀, 야외풀을 즐길 수 있는
야외 서핑 테마파크이고 지도에서 볼 수 있듯 서프존
미오코스타존으로 나뉘어져 있으며 다양한 액티비티
이용할 수 있어요. 현장보다는 온라인 예약 권장해요.
​
온라인에서 티켓 결제 시, 예약 카톡 또는 문자 발송
되어 전달받은 바코드를 입구에 보여주면 바로 입장
가능한 시스템입니다. 
온라인으로 합리적 이용하기.
입구에서 제공받은 락커키를 가지고 서핑 슈트로
환복하면 됩니다. 착용방법 및 탈의는 사진으로 확인.
비치타올과 수건은 유료 렌탈 가능해요. 수건 2천원,
비치타올은 8천원의 렌탈비가 따로 발생한답니다.
​
파크 내부에서는 아쿠아 슈즈 또는 슬리퍼 착용을
권장하고 수영복과 비치웨어 등은 별도로 렌탈할 수
있는 곳이 없어 따로 챙겨와야 됩니다. 또한, 이유식
제외하고 외부 음식 반입 불가니 이점도 기억해두기.
나가는 입구에 구명조끼 렌탈도 있으니 아무 것도
가져오지 않은 분들도 편히 렌탈 가능. 가족 샤워실과
수유실도 있어 영유아, 어린이들 방문하기도 좋아요.
만반의 준비를 마쳤다면, 본격적으로 오늘의 주인공
시흥 여행 목적지
로 이동해봅니다. 서핑하기에 앞서
안전교육 필수. 서핑강습은 매 시간 30분에 시작되니
경기도 시흥 가볼만한곳 서핑 장소
 찾는다면 메모 :)
​
시흥 놀거리
할 때, 서핑 슈트는 필수 착용하기.
그리고 락커키는 물에 들어갈 때도 꼭 챙기세요.
​
시흥 서핑 레슨
안전교육 이수 후, 
서핑 레슨 프로그램
이 시작됩니다.
지상강습과 수상강습으로 대략 90분 정도 진행되는데
비기너도 쉽게 서핑 배워볼 수 있어요. 저는 처음이라
베이 초급 레슨을 신청했고 홈페이지로 예약가능해요
물에 잠깐씩 뜨는 생존 수영 정도만 할 수 있는
초보자도 베이 초급 레슨은 부담없습니다. 베이존은
발이 충분히 닿는 얕은 수심이라 수영을 전혀 못하는
사람들도 서핑 가능해요. 자세도 꼼꼼히 봐주십니다.
강습 후에는, 배정받은 보드와 함께 물에 들어가기. 
초급자들과 중상급자 모두 본인의 수준에 맞게 서핑
즐길 수 있도록 존이 나뉘어져 안전하게 이용 가능.
이색 데이트 즐기기 딱 좋은 
경기도 시흥 가볼만한곳
.
시흥 웨이브파크
는 환승연애 태이와 나언의 서핑
데이트 장소로도 알려져있는 곳인 거 알고 계시나요?
그래서인지 어디서 사진 찍어도 그냥 인생샷입니다.
경기도 가볼만한곳 여행
으로 
시흥 서핑
 즐긴 후에
인생사진도 건져봤습니다. 이국적인 분위기가 나서
사진 찍기 좋아요. 서핑 슈트도 꽤 멋지기도 하고 :-)
서해안의 아름다운 노을과 낙조풍경도 볼 수 있어요.
시흥 거북섬
의 또 다른 시흥 놀거리는
 미오코스타존
.
입장 후 1층으로 가보면 분수대가 있는데 분수대에서
오른쪽 방향에 미오코스타존이 있어요. 입장권 결제한
모든 분들이 이용가능하기에 남녀노소 인기가 많아요.
키즈풀
시흥 아이와 가볼만한곳
답게 모든 수질이 100%
수돗물로 최신식 수처리 시설을 가동하여 깨끗하고
안전하게 이용할 수 있는 곳입니다. 
아이들과 함께
시흥 물놀이 즐기기 제격. 수심도 0.4M로 안전해요.
​
터틀풀
경기도 가볼만한곳 여행
 다음 장소는 
키즈풀
에서
터널을 따라 안쪽으로 들어가면 나오는 터틀풀. 대략
1M 정도 수심으로 재밌는 놀이기구 즐기기 좋아요.
미오풀
다음은 
미오풀
. MIO COSTA로 크게 간판이 걸려진
이곳
의 메인 야외 파도풀장으로 국내 최대 크기 야외
풀장입니다. 마치 바다에 온 듯, 파도 즐길 수 있어요.
아일랜드스파
시흥 물놀이
 야무지게 즐겼다면 체온 조절하는
시간도 필요하죠. 물놀이 하다가 몸을 녹일 수 있는
체온 유지풀장
입니다. 
어린 아이들에게도 안성맞춤.
레크리에이션 풀
경기도 가볼만한곳 여행
 다음 코스는 
레크리에이션
풀
. 미오코스타존 맨 안쪽에 위치한 시설로 어린이들
위한 스쿠버다이빙 체험을 할 수 있어요. 
어린이 체험
다이빙은 수심 1.8M, 레펠 다이브도 즐길 수 있어요.
​
다이빙 풀
마지막은 
다이빙 풀
. 
이곳
에서는 플랫폼 다이빙도
할 수 있고 스쿠버 다이빙도 할 수 있다고 합니다.
썬베드 카라반 렌탈
따로, 
카바나와 선베드도 따로 유료 렌탈
 가능해요.
카바나는 선풍기와 커튼도 있어서 낮잠자기 좋아요.
시흥 물놀이
 즐기기 위한 모든 준비물은 내부에서
유료 대여 가능합니다. 준비물 없이 몸만 가더라도
슈트, 보드 등 모든 장비들은 현장 렌탈 가능합니다.
웨이브파크 먹거리
시흥 아이와 가볼만한곳
 주인공, 이곳은 푸드코트도
알차요. 유튜버 쯔양의 정원분식부터 퀸즈블랙 햄버거
그리고 서플렉스도 많아 식사도 해결할 수 있답니다.
​
오늘은 
경기도 아이와 가볼만한곳 시흥 웨이브파크
거북섬 물놀이 놀거리 서핑 여행
에 대해 담아봤어요.
엄정화, 유세윤님도 자주 찾는다는 시흥 웨이브파크.
​
미오코스타존은 9월 1일로 운영 종료됐지만 날이
선선해지는 요즘이 서핑하기 제격이라던데 새로운
취미로 함께 
서핑 레슨 배워보시는 건 어떨까요 ?
​
​
2024-09-10 13:33:11,548 [crawl_naver_blogs, line 42] DEBUG: Current URL: https://blog.naver.com/foodie42/223578824560
2024-09-10 13:33:13,494 [crawl_naver_blogs, line 61] DEBUG: title = '영주 소수서원 입장료 관람 시간 강학당 소나무길 : 네이버 블로그'
2024-09-10 13:33:13,495 [crawl_naver_blogs, line 62] DEBUG: content = ['영주 소수서원 입장료 관람 시간 강학당 소나무길', '우리나라 ', '최초의 서원', '소나무길', ' 걸으며 산책', '\u200b', '\u200b', '\u200b', '경북 영주 여행', '\u200b', '안녕하세요? 경상도 여행 블로거 아름이에요.', '얼마 전 영주의 핵심이 되는 장소를 다녀왔어요.', '풍경이 좋고, 선조들의 역사도 볼 수 있어서', '산책하며 관람하기에 좋답니다.', '바로 소개해 보겠습니다.', '\u200b', '\u200b', '영주 소수서원', '\u200b', '\u200b', '\u200b', '\u200b', '\u200b', '\u200b', '\u200b', ' ⅴ관람 시간(연중무휴) ', '1,2,11,12월', '3,4,5,9,10월', '6,7,8월', '09:00~17:00', '09:00~18:00', '09:00~19:00', '관람 종료 1시간 전까지 입장 가능', '\u200b', '\u200b', '\u200b', ' ⅴ입장료 ', '소수서원, 소수 박물관, 선비촌 통합권', '단독 입장료는 없음', '어른', '청소년(중, 고등생)', '어린이(7세부터)', '3,000', '2,000', '1,000', '※무료 대상', '6세 이하, 만 65세 이하, 장애인, 국가유공자', '(신분증 지참 필수)', '\u200b', '\u200b', '\u200b', '\u200b', '\u200b', '\u200b', '선비촌까지 이용 가능한 통합 티켓이니', '잘 소지하고 있는 게 좋을 것 같아요.', '\u200b', '\u200b', '\u200b', '무료로 이용', '할 수 있으며,', '부지가 넓어서 주차는 걱정할 필요가 없어요.', '매표소 바로 앞에 위치', '해 있어 편리한 장점이 있죠.', '\u200b', '\u200b', '\u200b', '\u200b', 'ㅡ', '\u200b', '\u200b', '\u200b', '매표소에서 입구로 들어가면', '바로 울창한 소나무 숲 산책길', '이 나와요.', '\u200b', '\u200b', '\u200b', '\u200b', '\u200b', '\u200b', '3백 년에서 천 년까지', '\u200b', '에 이르는', '소나무가 울창하게 많이 있었어요.', '한여름에 갔는데도', ' 아름다운 소나무 덕에 ', '시원함이', ' 느껴졌답니다.', '\u200b', '\u200b', '\u200b', '\u200b', '\u200b', '\u200b', '소수서원은 소나무 길이 잘 되어 있다는', '것이 매력적인 부분이에요.', '햇볕을 다 가져줄 정도로 촘촘하게 있어요.', '\u200b', '\u200b', '\u200b', '\u200b', '\u200b', '\u200b', '길도 계속 평지고, 오르막이 없어서', '가족과 함께 방문해도 무리가 없답니다.', '특히나 선선해지는 요즘,', '힐링 여행지로 좋더라고요.', '\u200b', '\u200b', '\u200b', '\u200b', '\u200b', '\u200b', '소나무를 자세히 보면', '사적 제 몇 호라고 이름표가 적혀져', ' 있는데요.', '이렇게 소나무 하나하나가 소중하게', '관리되고 있는 모습이었어요.', '\u200b', '\u200b', '\u200b', '그렇게 산책길을 지나오면 입구가 나와요.', '들어가는 문부터 아름다움이 풍겨졌어요.', '\u200b', '\u200b', '\u200b', '\u200b', '\u200b', '\u200b', '특히나 오른편에 있는 ', '경렴정이라는 정자', '가', '세월의 흔적이 있어 보였는데, ', '소수서원 밖에 있다는 점이 독특했어요.', '유생이 풍류를 즐기고, 휴식을 취하던 공간', '이에요.', '또한, 지어질 당시에 함께 있던 건축물이니', '480년 전에 있던 정자', '예요.', '\u200b', '\u200b', '\u200b', '\u200b', '\u200b', '\u200b', '경렴정을 지나 안쪽으로 들어가면 당간지주 옆', '오른편에 ', '둘레길이라는 팻말', '이 보일 거예요.', '직진을 해도 되고, 징검다리를 건너서', '경치를 구경해도 돼서 선택을 하면 됩니다.', '\u200b', '이쪽 방면이 아니더라도 내부로 통하는 ', ' 편한 길의 ', '다리가 하나 더 있으니', '참고하시면 좋을 것 같습니다.', '\u200b', '\u200b', '\u200b', '\u200b', '\u200b', '\u200b', '징검다리 건너편에 있는 ', '취한대', '의', '경치가 아름다워 한번 가봤는데요.', '다리를 건너면서 보이는 풍경이 이쁘더라고요.', '그래서 여기서 사진을 인물 사진을 남겨도', '이쁘게 잘 나오더라고요.', '\u200b', '\u200b', '\u200b', '\u200b', '\u200b', '\u200b', '취한이란', ' 연화산의 푸른 기운과', '맑고 시원한 물빛에 취해 시를 짓고 풍류를 ', '즐긴다는 뜻으로 해석을 하면 됩니다.', '\u200b', '\u200b', '\u200b', '\u200b', '\u200b', '\u200b', '소수서원에 있는 대부분의 정자는', '아주 오래전의 만들어졌기 때문에', '우리 문화유산을 지키기 위해서', '위로 올라가면 안 된다고 적혀 있으니', '눈으로만 구경하는 게 좋아요.', '\u200b', '\u200b', '\u200b', '\u200b', '\u200b', '\u200b', '취한대를 보고, 다시 올라가', '처음부터 관람을 시작해 봤어요.', ' ', '강학당', '이 보이는데, 유생들이 강의실이자', ' ', '현재는 보물로 지정된 건축', '입니다.', '\u200b', '\u200b', '\u200b', '\u200b', '\u200b', '\u200b', '옆에서 보면 문이 위로 올려져 있는 강학당이', '한국의 멋이라는 생각이 들었어요.', '또한, 강학당 내부에는 조선 13대', ' ', '명종이 ', '직접 쓴 글씨의 현판', '도 보존되어 있습니다.', '\u200b', '\u200b', '\u200b', '\u200b', '\u200b', '\u200b', '다음으로 ', '장서각', '이 보이는데,', '여기는', ' ', '현재의 도서관', '이라고 생각하시면 됩니다.', '내부는 볼 수 없었지만 서적, 목판 등을', '보관하던 오래된 건물이에요.', '\u200b', '\u200b', '\u200b', '\u200b', '\u200b', '\u200b', '그 옆으로 ', '직방재와 일신재', '라는 곳이 있어요.', '여기는 소수서원의 집무와 숙소를 위한 건물로', '유생들의 숙소로 사용했던 곳', '이에요.', '몇 백 년의 세월이 흘렀는데, 실제로 보면', '보존이 잘 되어 있어서', ' 자세히 구경할 수 있어요.', '\u200b', '\u200b', '\u200b', '\u200b', '\u200b', '\u200b', '그리고 ', '영정각', '이 정말 흥미로워요.', '들어가서 관람해 볼 수 있는 공간인데,', '여기에 계셨던 여섯 분의 초상', '이 있어요.', '몇 백년 전에 실제로 그린 초상화', '라', '생동감이 있더라고요.', '\u200b', '\u200b', '\u200b', '\u200b', '\u200b', '\u200b', '기역 모양으로 되어 있는 ', '지락재와 학구재', '는', '원생들이 공부, 생활을 하던 곳', '으로 ', '지극한 즐거움은 독서만한 게 없다는', '뜻으로 해석해 볼 수 있어요.', '위에 다양한 현판과 뒤로는 푸른 나무들이', '울창하게 있어서 그 매력을 더해준답니다. ', '\u200b', '\u200b', '\u200b', '\u200b', '\u200b', '\u200b', '소수서원을 걷다 보면 ', '꽃이 피어 있어서', '조용하고, 고즈넉한 분위기를 살려주는', '느낌이 있어서 건축물들이 전부 ', '이뻐 보였어요.', '\u200b', '\u200b', '\u200b', '\u200b', '\u200b', '\u200b', '끝까지 들어가 보면 ', '사료관', '이 보이는데,', '여기는 관람객들을 위한 공간입니다.', '소수서원과 관련된 문서로 된 유물 등', '이', '전시되어 있는데, 퇴계 이황이 작성한 글과', '유생들이 공부했던 기록까지 있습니다.', '\u200b', '\u200b', '\u200b', '\u200b', '\u200b', '\u200b', '소수서원에는 ', '탁청지라는 이름을 가진 연못', '이 ', '있는데, 탁청은 물에 씻어 스스로를', '깨끗해진다는 의미를 가지고 있습니다.', '1614년 광해군', ' 때 조성이 된 연못으로', '경치가 좋아서 가을에는 더 멋질', ' 것 같아요.', '\u200b', '\u200b', '\u200b', '\u200b', '\u200b', '\u200b', '탁청지를 지나면 다시 소나무 길이 나오고,', '큰 다리가 하나 보일 거예요.', '선비촌으로 연결된 입구', '라서', '선비촌으로 다시 이동하지 않아도', '걸어서 한 번에 관람을 할 수 있으니', '함께 가보는 걸 추천해요!', '\u200b', '\u200b', '\u200b', '소수서원에는 체험 프로그램도 있습니다.', '바로 ', '선비 문화를 체험', '하는 것인데요.', '10월 19일까지 매주 토요일 2시~4시에 진행', '해요.', '(선착순 마감, 당일 신청 가능)', '\u200b', '\u200b', '\u200b', '\u200b', '\u200b', '\u200b', '강학당에서 진행하는 그 현장을 직접 봤는데,', '미리 알았더라면 신청해 보고 싶을 정도로', '재밌는 프로그램이더라고요.', '실제 유생들이 입었던 유복을 입고,', '글도 적어보며, 한시 감상 등', '을 해볼 수 있어요. ', '\u200b', '\u200b', '\u200b', '\u200b', '\u200b', '\u200b', '그리고 ', '소수 박물관에서 특별 기획전', '을 ', '12월 31일까지', ' 진행을 하고 있습니다.', '화양연화, 꽃처럼 아름다운 시절이라는 주제로', '관람이 가능하니 함께 가보면 좋을 것 같아요.', '\u200b', '\u200b', '\u200b', '\u200b', '우리나라에 유명한 서원이 9개가 있는데,', '그중에서 가장 핵심이 되는 서원이라', '역사를 좋아하고, 걷는 것을 즐긴다면', '만족할 만한 여행지가 되실 거예요.', '\u200b', '소수서원 입장권이 있으면', '차량으로 2분 거리에 있는 ', '선비세상에서', '할인을 받아 또 다른 체험 여행', '을 할 수 있으니', '함께 묶어서 가보시는 걸 추천합니다!', '▼ ', '영주에서 함께', ' 가보면 좋은 장소 ▼', '\u200b', '\u200b', '\u200b']
2024-09-10 13:33:13,495 [crawl_naver_blogs, line 67] DEBUG: Scraped: 영주 소수서원 입장료 관람 시간 강학당 소나무길 : 네이버 블로그, 영주 소수서원 입장료 관람 시간 강학당 소나무길
우리나라 
최초의 서원
소나무길
 걸으며 산책
​
​
​
경북 영주 여행
​
안녕하세요? 경상도 여행 블로거 아름이에요.
얼마 전 영주의 핵심이 되는 장소를 다녀왔어요.
풍경이 좋고, 선조들의 역사도 볼 수 있어서
산책하며 관람하기에 좋답니다.
바로 소개해 보겠습니다.
​
​
영주 소수서원
​
​
​
​
​
​
​
 ⅴ관람 시간(연중무휴) 
1,2,11,12월
3,4,5,9,10월
6,7,8월
09:00~17:00
09:00~18:00
09:00~19:00
관람 종료 1시간 전까지 입장 가능
​
​
​
 ⅴ입장료 
소수서원, 소수 박물관, 선비촌 통합권
단독 입장료는 없음
어른
청소년(중, 고등생)
어린이(7세부터)
3,000
2,000
1,000
※무료 대상
6세 이하, 만 65세 이하, 장애인, 국가유공자
(신분증 지참 필수)
​
​
​
​
​
​
선비촌까지 이용 가능한 통합 티켓이니
잘 소지하고 있는 게 좋을 것 같아요.
​
​
​
무료로 이용
할 수 있으며,
부지가 넓어서 주차는 걱정할 필요가 없어요.
매표소 바로 앞에 위치
해 있어 편리한 장점이 있죠.
​
​
​
​
ㅡ
​
​
​
매표소에서 입구로 들어가면
바로 울창한 소나무 숲 산책길
이 나와요.
​
​
​
​
​
​
3백 년에서 천 년까지
​
에 이르는
소나무가 울창하게 많이 있었어요.
한여름에 갔는데도
 아름다운 소나무 덕에 
시원함이
 느껴졌답니다.
​
​
​
​
​
​
소수서원은 소나무 길이 잘 되어 있다는
것이 매력적인 부분이에요.
햇볕을 다 가져줄 정도로 촘촘하게 있어요.
​
​
​
​
​
​
길도 계속 평지고, 오르막이 없어서
가족과 함께 방문해도 무리가 없답니다.
특히나 선선해지는 요즘,
힐링 여행지로 좋더라고요.
​
​
​
​
​
​
소나무를 자세히 보면
사적 제 몇 호라고 이름표가 적혀져
 있는데요.
이렇게 소나무 하나하나가 소중하게
관리되고 있는 모습이었어요.
​
​
​
그렇게 산책길을 지나오면 입구가 나와요.
들어가는 문부터 아름다움이 풍겨졌어요.
​
​
​
​
​
​
특히나 오른편에 있는 
경렴정이라는 정자
가
세월의 흔적이 있어 보였는데, 
소수서원 밖에 있다는 점이 독특했어요.
유생이 풍류를 즐기고, 휴식을 취하던 공간
이에요.
또한, 지어질 당시에 함께 있던 건축물이니
480년 전에 있던 정자
예요.
​
​
​
​
​
​
경렴정을 지나 안쪽으로 들어가면 당간지주 옆
오른편에 
둘레길이라는 팻말
이 보일 거예요.
직진을 해도 되고, 징검다리를 건너서
경치를 구경해도 돼서 선택을 하면 됩니다.
​
이쪽 방면이 아니더라도 내부로 통하는 
 편한 길의 
다리가 하나 더 있으니
참고하시면 좋을 것 같습니다.
​
​
​
​
​
​
징검다리 건너편에 있는 
취한대
의
경치가 아름다워 한번 가봤는데요.
다리를 건너면서 보이는 풍경이 이쁘더라고요.
그래서 여기서 사진을 인물 사진을 남겨도
이쁘게 잘 나오더라고요.
​
​
​
​
​
​
취한이란
 연화산의 푸른 기운과
맑고 시원한 물빛에 취해 시를 짓고 풍류를 
즐긴다는 뜻으로 해석을 하면 됩니다.
​
​
​
​
​
​
소수서원에 있는 대부분의 정자는
아주 오래전의 만들어졌기 때문에
우리 문화유산을 지키기 위해서
위로 올라가면 안 된다고 적혀 있으니
눈으로만 구경하는 게 좋아요.
​
​
​
​
​
​
취한대를 보고, 다시 올라가
처음부터 관람을 시작해 봤어요.
 
강학당
이 보이는데, 유생들이 강의실이자
 
현재는 보물로 지정된 건축
입니다.
​
​
​
​
​
​
옆에서 보면 문이 위로 올려져 있는 강학당이
한국의 멋이라는 생각이 들었어요.
또한, 강학당 내부에는 조선 13대
 
명종이 
직접 쓴 글씨의 현판
도 보존되어 있습니다.
​
​
​
​
​
​
다음으로 
장서각
이 보이는데,
여기는
 
현재의 도서관
이라고 생각하시면 됩니다.
내부는 볼 수 없었지만 서적, 목판 등을
보관하던 오래된 건물이에요.
​
​
​
​
​
​
그 옆으로 
직방재와 일신재
라는 곳이 있어요.
여기는 소수서원의 집무와 숙소를 위한 건물로
유생들의 숙소로 사용했던 곳
이에요.
몇 백 년의 세월이 흘렀는데, 실제로 보면
보존이 잘 되어 있어서
 자세히 구경할 수 있어요.
​
​
​
​
​
​
그리고 
영정각
이 정말 흥미로워요.
들어가서 관람해 볼 수 있는 공간인데,
여기에 계셨던 여섯 분의 초상
이 있어요.
몇 백년 전에 실제로 그린 초상화
라
생동감이 있더라고요.
​
​
​
​
​
​
기역 모양으로 되어 있는 
지락재와 학구재
는
원생들이 공부, 생활을 하던 곳
으로 
지극한 즐거움은 독서만한 게 없다는
뜻으로 해석해 볼 수 있어요.
위에 다양한 현판과 뒤로는 푸른 나무들이
울창하게 있어서 그 매력을 더해준답니다. 
​
​
​
​
​
​
소수서원을 걷다 보면 
꽃이 피어 있어서
조용하고, 고즈넉한 분위기를 살려주는
느낌이 있어서 건축물들이 전부 
이뻐 보였어요.
​
​
​
​
​
​
끝까지 들어가 보면 
사료관
이 보이는데,
여기는 관람객들을 위한 공간입니다.
소수서원과 관련된 문서로 된 유물 등
이
전시되어 있는데, 퇴계 이황이 작성한 글과
유생들이 공부했던 기록까지 있습니다.
​
​
​
​
​
​
소수서원에는 
탁청지라는 이름을 가진 연못
이 
있는데, 탁청은 물에 씻어 스스로를
깨끗해진다는 의미를 가지고 있습니다.
1614년 광해군
 때 조성이 된 연못으로
경치가 좋아서 가을에는 더 멋질
 것 같아요.
​
​
​
​
​
​
탁청지를 지나면 다시 소나무 길이 나오고,
큰 다리가 하나 보일 거예요.
선비촌으로 연결된 입구
라서
선비촌으로 다시 이동하지 않아도
걸어서 한 번에 관람을 할 수 있으니
함께 가보는 걸 추천해요!
​
​
​
소수서원에는 체험 프로그램도 있습니다.
바로 
선비 문화를 체험
하는 것인데요.
10월 19일까지 매주 토요일 2시~4시에 진행
해요.
(선착순 마감, 당일 신청 가능)
​
​
​
​
​
​
강학당에서 진행하는 그 현장을 직접 봤는데,
미리 알았더라면 신청해 보고 싶을 정도로
재밌는 프로그램이더라고요.
실제 유생들이 입었던 유복을 입고,
글도 적어보며, 한시 감상 등
을 해볼 수 있어요. 
​
​
​
​
​
​
그리고 
소수 박물관에서 특별 기획전
을 
12월 31일까지
 진행을 하고 있습니다.
화양연화, 꽃처럼 아름다운 시절이라는 주제로
관람이 가능하니 함께 가보면 좋을 것 같아요.
​
​
​
​
우리나라에 유명한 서원이 9개가 있는데,
그중에서 가장 핵심이 되는 서원이라
역사를 좋아하고, 걷는 것을 즐긴다면
만족할 만한 여행지가 되실 거예요.
​
소수서원 입장권이 있으면
차량으로 2분 거리에 있는 
선비세상에서
할인을 받아 또 다른 체험 여행
을 할 수 있으니
함께 묶어서 가보시는 걸 추천합니다!
▼ 
영주에서 함께
 가보면 좋은 장소 ▼
​
​
​
2024-09-10 13:33:16,192 [crawl_naver_blogs, line 42] DEBUG: Current URL: https://blog.naver.com/798147/223578745369
2024-09-10 13:33:17,425 [crawl_naver_blogs, line 61] DEBUG: title = '김포 곱창 맛집 통진 대박황소곱창 솔직 후기 : 네이버 블로그'
2024-09-10 13:33:17,425 [crawl_naver_blogs, line 62] DEBUG: content = ['김포 곱창 맛집 통진 대박황소곱창 솔직 후기', '주소 : 경기 김포시 통진읍 조강로 78 1층 101호', '영업 시간 : 월~금 13:00 ~ 24:00 ', '(토, 일 13:00 ~ 01:00)', '전화 번호 : 0507-1417-9582', '외부', '안녕하세요!', '오늘 저녁은 곱창이', '너무 먹고싶은 주말이라', '일요일에 바로 달려갔어요!', '\u200b', '김포 곱창 맛집 ', '통진 대박황소곱창은', '오후 1시부터 영업 시작이라', '\u200b', '이른 시간에 방문하기에도', '정말 좋았어요 ㅎㅎ', '주차장', '김포 곱창 맛집 ', '통진 대박황소곱창 주차장은', '\u200b', '사진처럼 가게', '바로 왼쪽으로 올라가시면', '위치해있어요! ㅎㅎ', '\u200b', '가게 바로 옆 신김포농협', '지상 주차장이며 ', '테이블당 1대 3,000원까지', '지원이 가능하고', '\u200b', '주차 비용은 ', '추가요금 60분당 3,000원이고', '최대 30,000원이라고 해요!', '\u200b', '주차할 공간이 여유있어', '차를 가지고오기 편리하다는', '생각이 들었어요 ㅎㅎ', '내부', '김포 곱창 맛집 ', '통진 대박황소곱창은', '깔끔하고 최신 인테리어로', '되어있었으며', '\u200b', '내부도 넓어서', '회식하기에도 좋아보였어요 ㅎㅎ', '\u200b', '무엇보다 사장님,', '직원분들께서 굉장히', '친절하셨답니다!', '\u200b', '현재 이벤트도', '진행중이니 참고해주세요 ㅎㅎ', '메뉴판', '가격표', '김포 곱창 맛집 ', '통진 대박황소곱창', '메뉴판 가격표에요!', '\u200b', '메인메뉴는 모듬구이,', '소곱창, 곱창전골, 차돌박이,', '염통, 벌집양, 양깃머리, 막창,', '대창 등을 판매중이고', '\u200b', '사이드메뉴는 대창덮밥,', '간천엽, 내장탕, 비빔냉면,', '물냉면, 계란찜, 볶음밥,', '볶음밥치즈, 공기밥, 된장찌개', '\u200b', '주류는 청하, 막걸리,', '맥주, 소주, 음료수를', '판매중이었어요!', '\u200b', '요즘 많이 치솟은 물가 사이에', '가성비가 괜찮다는', '생각이 들었으며', '\u200b', '대부분 국내산 한우를', '사용한다고하니 신뢰가 갔어요ㅎㅎ', '\u200b', '<주문한 메뉴>', '모듬구이 59,000원', '볶음밥 3,000원', '볶음밥치즈 2,000원', '사이다 x2 2,000원 x2', '물냉면 6,000원', '계란찜 3,000원', '모듬구이 ', '저희는 국내산 한우', '모듬구이를 주문했으며', '\u200b', '밑반찬으로 부추무침,', '된장찌개, 간, 천엽,', '양파소스절임, 각종 소스가', '기본으로 제공되었어요!', '\u200b', '저 소스 너무 좋아하는데', '소스가 다양해서 너무', '행복했답니다', '\u200b', '참고로 된장찌개가', '서비스로 제공이 되니', '처음에 따로 주문하실 필요', '없으세요 ~!', '김포 곱창 맛집 통진 ', '대박황소곱창은 ', '\u200b', '염통, 소곱창, 벌집양, 막창,', '대창 등 다양하게 먹을 수 있도록', '세팅되어 나오며', '\u200b', '김치, 팽이버섯, 감자,', '양파를 함께 구워먹을 수', '있다는 부분이 특색있었어요!', '\u200b', '특히 고깃집처럼 김치를 구워먹는', '것과 다양한 메뉴를 먹어보는 것을 ', '정말 좋아하는 저는', '\u200b', '이 집이 최애가 되었답니다 ♥', '통통하고 곱이', '가득한 소곱창', '\u200b', '신선함이 사진을', '뚫고 나오지 않나요?', '\u200b', '한 입 맛봤는데', '곱창 냄새도 전~~혀', '하나도 안나고 너무', '맛있었어요 ㅎㅎ', '\u200b', '한 입 먹고 너무 맛있어서', '사장님께 여쭤보니', '\u200b', '손질을 엄청나게', '정성껏 신경써서', '하신다고 하셨어요!', '\u200b', '확실히 정성이 들어간', '음식은 남다르다는', '생각이 들었답니다 ㅎㅎ', '\u200b', '소스도 양파절임 소스랑', '찍어먹어도 새콤달콤하니', '맛있고 마늘소스와', '찍어먹어도 담백하고', '잘 어울렸어요!', '이 집 부추무침', '진짜 대박이에요 ㅠ', '\u200b', '저랑 까도랑 곱창집', '정말 많이 다녀봤는데', '\u200b', '이렇게 부추무침 맛있게', '하는 곳은 처음 봤다고 했어요!', '\u200b', '그냥 먹어도 맛있는데', '부추무침과 함께', '싸먹으면 훨~~~씬', '맛있으니 꼬옥 같이', '싸서 드셔보세요 ㅎㅎ', '계란찜', '3,000원', '중간에 계란찜도', '하나 주문했는데', '\u200b', '양이 이렇게 많은데', '가격이 3,000원밖에 안하다니!!', '\u200b', '양도 정말 혜자라', '꼭 드셔보세요 ㅎㅎ', '\u200b', '부드럽고 퐁실하고', '담백한 기본기 탄탄한', '계란찜 맛이었어요', '물냉면', '6,000원', '소곱창집에서 냉면을', '팔고 있어 이건 주문하지', '않을 수 없었어요!', '\u200b', '냉면 양도 정말 많고', '시원한 물냉면과', '뜨거운 소곱창이 만나니', '정말 훌륭한 조합이었어요', '\u200b', '곱창집인데', '물냉면이 이렇게 맛있어두', '되냐구요 !!!!!!!!!!!', '\u200b', '물냉면도 필수로 꼬오오옥', '주문해주세요 ㅎㅎ', '볶음밥 (치즈추가)', '3000 (+2000)', '마지막 하이라이트', '김포 곱창 맛집 통진 ', '대박황소곱창 치즈볶음밥', '\u200b', '모짜렐라치즈를', '가득 가득 넣어주셔서', '엄청 꼬소했고', '\u200b', '보통 저는 배부르면', '먹지 않는편인데', '\u200b', '볶음밥이 너무 너무 맛있어서', '싹싹 긁어먹어버리는 바람에', '\u200b', '둘 다 거의 배가 터지기', '일보직전이었어요!!', '\u200b', '전체적으로 가성비도', '좋고 음식맛도 훌륭한데', '일하시는 분들도 ', '\u200b', '굉장히 친절하셔서 정말', '만족스러운 식사를 ', '할 수 있었답니다!', '\u200b', '근처에 이런 곳을 이제야', '알다니 너무 아쉬웠지만', '이제라도 자주 와야겠다는', '생각이 들었어요 ! ㅎㅎ', '\u200b', '김포 주민분들은', '제발 꼬~~~~~~옥 한 번만', '방문해주세요', '\u200b', '이상 솔직 후기였습니다 ♥', '\u200b', '궁금하신 것 있으시면', '댓글 달아주세요~']
2024-09-10 13:33:17,425 [crawl_naver_blogs, line 67] DEBUG: Scraped: 김포 곱창 맛집 통진 대박황소곱창 솔직 후기 : 네이버 블로그, 김포 곱창 맛집 통진 대박황소곱창 솔직 후기
주소 : 경기 김포시 통진읍 조강로 78 1층 101호
영업 시간 : 월~금 13:00 ~ 24:00 
(토, 일 13:00 ~ 01:00)
전화 번호 : 0507-1417-9582
외부
안녕하세요!
오늘 저녁은 곱창이
너무 먹고싶은 주말이라
일요일에 바로 달려갔어요!
​
김포 곱창 맛집 
통진 대박황소곱창은
오후 1시부터 영업 시작이라
​
이른 시간에 방문하기에도
정말 좋았어요 ㅎㅎ
주차장
김포 곱창 맛집 
통진 대박황소곱창 주차장은
​
사진처럼 가게
바로 왼쪽으로 올라가시면
위치해있어요! ㅎㅎ
​
가게 바로 옆 신김포농협
지상 주차장이며 
테이블당 1대 3,000원까지
지원이 가능하고
​
주차 비용은 
추가요금 60분당 3,000원이고
최대 30,000원이라고 해요!
​
주차할 공간이 여유있어
차를 가지고오기 편리하다는
생각이 들었어요 ㅎㅎ
내부
김포 곱창 맛집 
통진 대박황소곱창은
깔끔하고 최신 인테리어로
되어있었으며
​
내부도 넓어서
회식하기에도 좋아보였어요 ㅎㅎ
​
무엇보다 사장님,
직원분들께서 굉장히
친절하셨답니다!
​
현재 이벤트도
진행중이니 참고해주세요 ㅎㅎ
메뉴판
가격표
김포 곱창 맛집 
통진 대박황소곱창
메뉴판 가격표에요!
​
메인메뉴는 모듬구이,
소곱창, 곱창전골, 차돌박이,
염통, 벌집양, 양깃머리, 막창,
대창 등을 판매중이고
​
사이드메뉴는 대창덮밥,
간천엽, 내장탕, 비빔냉면,
물냉면, 계란찜, 볶음밥,
볶음밥치즈, 공기밥, 된장찌개
​
주류는 청하, 막걸리,
맥주, 소주, 음료수를
판매중이었어요!
​
요즘 많이 치솟은 물가 사이에
가성비가 괜찮다는
생각이 들었으며
​
대부분 국내산 한우를
사용한다고하니 신뢰가 갔어요ㅎㅎ
​
<주문한 메뉴>
모듬구이 59,000원
볶음밥 3,000원
볶음밥치즈 2,000원
사이다 x2 2,000원 x2
물냉면 6,000원
계란찜 3,000원
모듬구이 
저희는 국내산 한우
모듬구이를 주문했으며
​
밑반찬으로 부추무침,
된장찌개, 간, 천엽,
양파소스절임, 각종 소스가
기본으로 제공되었어요!
​
저 소스 너무 좋아하는데
소스가 다양해서 너무
행복했답니다
​
참고로 된장찌개가
서비스로 제공이 되니
처음에 따로 주문하실 필요
없으세요 ~!
김포 곱창 맛집 통진 
대박황소곱창은 
​
염통, 소곱창, 벌집양, 막창,
대창 등 다양하게 먹을 수 있도록
세팅되어 나오며
​
김치, 팽이버섯, 감자,
양파를 함께 구워먹을 수
있다는 부분이 특색있었어요!
​
특히 고깃집처럼 김치를 구워먹는
것과 다양한 메뉴를 먹어보는 것을 
정말 좋아하는 저는
​
이 집이 최애가 되었답니다 ♥
통통하고 곱이
가득한 소곱창
​
신선함이 사진을
뚫고 나오지 않나요?
​
한 입 맛봤는데
곱창 냄새도 전~~혀
하나도 안나고 너무
맛있었어요 ㅎㅎ
​
한 입 먹고 너무 맛있어서
사장님께 여쭤보니
​
손질을 엄청나게
정성껏 신경써서
하신다고 하셨어요!
​
확실히 정성이 들어간
음식은 남다르다는
생각이 들었답니다 ㅎㅎ
​
소스도 양파절임 소스랑
찍어먹어도 새콤달콤하니
맛있고 마늘소스와
찍어먹어도 담백하고
잘 어울렸어요!
이 집 부추무침
진짜 대박이에요 ㅠ
​
저랑 까도랑 곱창집
정말 많이 다녀봤는데
​
이렇게 부추무침 맛있게
하는 곳은 처음 봤다고 했어요!
​
그냥 먹어도 맛있는데
부추무침과 함께
싸먹으면 훨~~~씬
맛있으니 꼬옥 같이
싸서 드셔보세요 ㅎㅎ
계란찜
3,000원
중간에 계란찜도
하나 주문했는데
​
양이 이렇게 많은데
가격이 3,000원밖에 안하다니!!
​
양도 정말 혜자라
꼭 드셔보세요 ㅎㅎ
​
부드럽고 퐁실하고
담백한 기본기 탄탄한
계란찜 맛이었어요
물냉면
6,000원
소곱창집에서 냉면을
팔고 있어 이건 주문하지
않을 수 없었어요!
​
냉면 양도 정말 많고
시원한 물냉면과
뜨거운 소곱창이 만나니
정말 훌륭한 조합이었어요
​
곱창집인데
물냉면이 이렇게 맛있어두
되냐구요 !!!!!!!!!!!
​
물냉면도 필수로 꼬오오옥
주문해주세요 ㅎㅎ
볶음밥 (치즈추가)
3000 (+2000)
마지막 하이라이트
김포 곱창 맛집 통진 
대박황소곱창 치즈볶음밥
​
모짜렐라치즈를
가득 가득 넣어주셔서
엄청 꼬소했고
​
보통 저는 배부르면
먹지 않는편인데
​
볶음밥이 너무 너무 맛있어서
싹싹 긁어먹어버리는 바람에
​
둘 다 거의 배가 터지기
일보직전이었어요!!
​
전체적으로 가성비도
좋고 음식맛도 훌륭한데
일하시는 분들도 
​
굉장히 친절하셔서 정말
만족스러운 식사를 
할 수 있었답니다!
​
근처에 이런 곳을 이제야
알다니 너무 아쉬웠지만
이제라도 자주 와야겠다는
생각이 들었어요 ! ㅎㅎ
​
김포 주민분들은
제발 꼬~~~~~~옥 한 번만
방문해주세요
​
이상 솔직 후기였습니다 ♥
​
궁금하신 것 있으시면
댓글 달아주세요~
2024-09-10 13:33:19,852 [crawl_naver_blogs, line 42] DEBUG: Current URL: https://blog.naver.com/happys572/223578707818
2024-09-10 13:33:20,735 [crawl_naver_blogs, line 61] DEBUG: title = '강원도 홍천 대형 애견 동반 카페 위켄드74 : 네이버 블로그'
2024-09-10 13:33:20,735 [crawl_naver_blogs, line 62] DEBUG: content = ['강원도 홍천 대형 애견 동반 카페 위켄드74', '파이엄마 루트입니다', '\u200b', '오늘은 강원도 홍천 대형 애견 동반 카페 ', '위켄드74', '를 리뷰해보려고 합니다', '\u200b', '\u200b', '\u200b', '\u200b', '대형 애견 동반 카페 위켄드74는', '강원도 홍천', '에 위치해 있는데요', '숲속 넓은 자연환경을 느낄 수 있습니다', '\u200b', '\u200b', '강원도 홍천 대형 ', '카페 위켄드74은', '자체 주차장이 넓어서 ', '주말에도 주차 걱정은 없을 것 같습니다', '\u200b', '\u200b', '강원도 홍천 대형 ', '카페 위켄드74는', '시그니쳐 메뉴인 달지 않고 고사한 맛의', '74라떼', ' 외에 다양한 음료메뉴가 있습니다', '\u200b', '\u200b', '이외에도 다른카페에서 쉽게 볼 수 없는', '조각케이크와 타르트 등을 판매', ' 하고 있는데요', '\u200b', '\u200b', '특히 달달한 ', '치즈케이크', '가', '커피와 같이 먹기에 어울려 추천 드립니다', '\u200b', '\u200b', '강원도 홍천 대형 애견 동반 카페 위켄드74의', '1층에는 ', '양쪽이 모두 통창', '으로 이루어져 있고', '가운데 플랜테리어가 되어있는 테이블이 놓여져 있는데요 ', '\u200b', '1층에서도 위켄드74의 전경을 바라볼수 있어', '어디 좌석에 앉아도 ', '힐링 그 자체', ' 였습니다', '\u200b', '\u200b', '\u200b', '\u200b', '계단으로 2층에 올라가면 원목인테리어가 돋보이는', '다락방 느낌의 공간이 나오는데요', '\u200b', '\u200b', '한쪽이 통창으로 되어있어 2층에서도', '숲속에 와있는 듯한 느낌', '을 받을 수 있게', '설계되어 있었답니다', '\u200b', '\u200b', '2층에는 강원도 홍천 대형 카페 위켄드74의', '포토존이 있었는데요', '\u200b', '\u200b', '창으로 보이는 풍경', '이 그림 액자 같아서', '꼭 ! 인증샷을 찍는걸 추천 드립니다 ', '\u200b', '\u200b', '강원도 홍천 대형 ', '카페 위켄드74는', '야외 정원에 테이블도 놓여져 있었는데요', '\u200b', '\u200b', '날이 덥지 않다면 야외테이블에서', '숲속 힐링을 즐기는 것도 좋을것 같았답니다', '\u200b', '\u200b', '또 야외 정원 한켠는 철길이 놓여져 있었는데요', '\u200b', ' 강원도 홍천의 맑은 하늘과 산속 풍경이 같이 어우러져', '사진을 찍으면 정말 예쁘게 나오니', '꼭! 사진을 찍어보시길 추천 드립니다', '\u200b', '\u200b', ' 강원도 홍천 대형 ', '카페 위켄드74', '강아지 운동장쪽에는', '건물이 또 하나가 있었는데요', '\u200b', '\u200b', '옷과, 강아지 간식, 그리고 라면을', '무인으로 판매', '중이였습니다', '\u200b', '\u200b', '\u200b', '라면 외에 간단한 요깃거리도 판매를 하고 있으니', '강아지와 함께 뛰어 놀다가', '배고프면 간단하게 먹기 좋을 것 같았답니다', '\u200b', '\u200b', '\u200b', '\u200b', '강원도 홍천 대형 ', '카페 위켄드74는', '강아지 운동장이 따로 마련 되어져 있는데요', '\u200b', '모든것이 맘에 들었던 ', '강원도 홍천 대형 애견 동반 카페 위켄드74였지만', '제가 ', '가장 맘에 들었던 강아지 운동장', '이였답니다', '\u200b', '\u200b', '강원도 홍천 대형 카페 위켄드74의 강아지 운동장은', '40cm이상 반려견 출입이 가능한 대형견존과', '40cm이하 반려견 출입이 가능한 소형견존으로', '나누어져 있으니, 반려견의 체중에 맞게', '선택하시면 됩니다', '\u200b', '\u200b', '대형견존과 소형견존 모두 ', '파라솔 테이블', '이', '설치되어있고, 나무그늘도 많아', '강아지와 함께 뛰어 놀기 좋은', '강아지 운동장이였는데요', '\u200b', '\u200b', '넓은 천연잔디 운동장에 산이 둘러싸고 있고', '나무들까지 예쁜 강원도 홍천 대형 ', '카페 ', '위켄드74의 강아지 운동장이였답니다', '\u200b', '\u200b', '\u200b', '위켄드74의 강아지 운동장에서', '파이도 정말 신이 나게 뛰어 놀았는데요', '\u200b', '집근처에 위켄드74 같은 강아지 운동장이 있으면', '아마 매일매일 방문 했겠다 싶을 만큼', '크기면에서도 관리면에서도 ', '완벽한 강아지 운동장', '이였습니다', '\u200b', '\u200b', '\u200b', '마지막은 강아지 운동장에서 열심히 뛰어놀다 지쳐', '쉬고 있는 귀여운 파이의 뒷모습으로 마무리 할께요', '\u200b', '\u200b', '\u200b', '\u200b', '오늘은 강아지 운동장이 있는', '강원도 홍천 대형 ', '카페 위켄드74를', '리뷰해보았는데요', '\u200b', '\u200b', '카페 전체가 숲속에 와있는 듯한 느낌을 주는', '정말 힐링이 되는 강원도 홍천 대형 ', '카페 ', '위켄드74였는데요', '\u200b', '강아지 운동장까지 보유하고 있어', '반려인에게는 정말 완벽한 애견 동반 카페였답니다', '\u200b', '\u200b', '\u200b', '\u200b', '강원도 홍천으로 여행을 계획하고 계신다면', '대형 ', '카페 위켄드74를', '강추드립니다', '\u200b', '\u200b', '\u200b', '\u200b', '\u200b', '\u200b', '\u200b', '\u200b']
2024-09-10 13:33:20,735 [crawl_naver_blogs, line 67] DEBUG: Scraped: 강원도 홍천 대형 애견 동반 카페 위켄드74 : 네이버 블로그, 강원도 홍천 대형 애견 동반 카페 위켄드74
파이엄마 루트입니다
​
오늘은 강원도 홍천 대형 애견 동반 카페 
위켄드74
를 리뷰해보려고 합니다
​
​
​
​
대형 애견 동반 카페 위켄드74는
강원도 홍천
에 위치해 있는데요
숲속 넓은 자연환경을 느낄 수 있습니다
​
​
강원도 홍천 대형 
카페 위켄드74은
자체 주차장이 넓어서 
주말에도 주차 걱정은 없을 것 같습니다
​
​
강원도 홍천 대형 
카페 위켄드74는
시그니쳐 메뉴인 달지 않고 고사한 맛의
74라떼
 외에 다양한 음료메뉴가 있습니다
​
​
이외에도 다른카페에서 쉽게 볼 수 없는
조각케이크와 타르트 등을 판매
 하고 있는데요
​
​
특히 달달한 
치즈케이크
가
커피와 같이 먹기에 어울려 추천 드립니다
​
​
강원도 홍천 대형 애견 동반 카페 위켄드74의
1층에는 
양쪽이 모두 통창
으로 이루어져 있고
가운데 플랜테리어가 되어있는 테이블이 놓여져 있는데요 
​
1층에서도 위켄드74의 전경을 바라볼수 있어
어디 좌석에 앉아도 
힐링 그 자체
 였습니다
​
​
​
​
계단으로 2층에 올라가면 원목인테리어가 돋보이는
다락방 느낌의 공간이 나오는데요
​
​
한쪽이 통창으로 되어있어 2층에서도
숲속에 와있는 듯한 느낌
을 받을 수 있게
설계되어 있었답니다
​
​
2층에는 강원도 홍천 대형 카페 위켄드74의
포토존이 있었는데요
​
​
창으로 보이는 풍경
이 그림 액자 같아서
꼭 ! 인증샷을 찍는걸 추천 드립니다 
​
​
강원도 홍천 대형 
카페 위켄드74는
야외 정원에 테이블도 놓여져 있었는데요
​
​
날이 덥지 않다면 야외테이블에서
숲속 힐링을 즐기는 것도 좋을것 같았답니다
​
​
또 야외 정원 한켠는 철길이 놓여져 있었는데요
​
 강원도 홍천의 맑은 하늘과 산속 풍경이 같이 어우러져
사진을 찍으면 정말 예쁘게 나오니
꼭! 사진을 찍어보시길 추천 드립니다
​
​
 강원도 홍천 대형 
카페 위켄드74
강아지 운동장쪽에는
건물이 또 하나가 있었는데요
​
​
옷과, 강아지 간식, 그리고 라면을
무인으로 판매
중이였습니다
​
​
​
라면 외에 간단한 요깃거리도 판매를 하고 있으니
강아지와 함께 뛰어 놀다가
배고프면 간단하게 먹기 좋을 것 같았답니다
​
​
​
​
강원도 홍천 대형 
카페 위켄드74는
강아지 운동장이 따로 마련 되어져 있는데요
​
모든것이 맘에 들었던 
강원도 홍천 대형 애견 동반 카페 위켄드74였지만
제가 
가장 맘에 들었던 강아지 운동장
이였답니다
​
​
강원도 홍천 대형 카페 위켄드74의 강아지 운동장은
40cm이상 반려견 출입이 가능한 대형견존과
40cm이하 반려견 출입이 가능한 소형견존으로
나누어져 있으니, 반려견의 체중에 맞게
선택하시면 됩니다
​
​
대형견존과 소형견존 모두 
파라솔 테이블
이
설치되어있고, 나무그늘도 많아
강아지와 함께 뛰어 놀기 좋은
강아지 운동장이였는데요
​
​
넓은 천연잔디 운동장에 산이 둘러싸고 있고
나무들까지 예쁜 강원도 홍천 대형 
카페 
위켄드74의 강아지 운동장이였답니다
​
​
​
위켄드74의 강아지 운동장에서
파이도 정말 신이 나게 뛰어 놀았는데요
​
집근처에 위켄드74 같은 강아지 운동장이 있으면
아마 매일매일 방문 했겠다 싶을 만큼
크기면에서도 관리면에서도 
완벽한 강아지 운동장
이였습니다
​
​
​
마지막은 강아지 운동장에서 열심히 뛰어놀다 지쳐
쉬고 있는 귀여운 파이의 뒷모습으로 마무리 할께요
​
​
​
​
오늘은 강아지 운동장이 있는
강원도 홍천 대형 
카페 위켄드74를
리뷰해보았는데요
​
​
카페 전체가 숲속에 와있는 듯한 느낌을 주는
정말 힐링이 되는 강원도 홍천 대형 
카페 
위켄드74였는데요
​
강아지 운동장까지 보유하고 있어
반려인에게는 정말 완벽한 애견 동반 카페였답니다
​
​
​
​
강원도 홍천으로 여행을 계획하고 계신다면
대형 
카페 위켄드74를
강추드립니다
​
​
​
​
​
​
​
​
2024-09-10 13:33:23,628 [crawl_naver_blogs, line 42] DEBUG: Current URL: https://blog.naver.com/trip_ayeonny/223578413204
2024-09-10 13:33:23,919 [crawl_naver_blogs, line 61] DEBUG: title = '경기도 오산 갈만한곳 물향기수목원 주차장 지도.. : 네이버블로그'
2024-09-10 13:33:23,919 [crawl_naver_blogs, line 62] DEBUG: content = ['경기도 오산 갈만한곳 물향기수목원 주차장 지도 돗자리', '오산 갈만한곳', '📍지역', '(슬로건)', '경기도 오산', '(함께하는 변화 미래도시 오산)', '📌위치', '경기 오산시 청학로 211', '⏰운영시간', '화 - 일', '3~10월 09:00 ~ 18:00', '6~8월 09:00 ~ 19:00', '11~2월 09:00~ 17:00', '🚫', '휴무', '매주 월요일, 1월1일, 설날', '☎️ 문의', '0507-1398-1456', '💸 입장료', '어른 1,500원 ', '청소년 1,000원 ', '어린이 700원', '🅿️ 주차', '경차 1,500원 소형 3,000원', '경기도립 물향기수목원', '물향기수목원', '이란?', '주차장', '물향기수목원주차장', '▶공영주차장', '▶주차요금 : 유료', '▶경차 1,500원 소형 3,000원 대형 5,000원', '▶국가유공자,장애인차량 무료 / 저공해 50%할인', '입장료', '\u200b', '개인', '단체(30인 이상)', '어른', '1,500원', '1,000원', '청소년', '1,000원', '700원', '어린이', '700원', '500원', '지도', '출처:물향기수목원홈페이지', '물향기수목원 둘러보기', '실내 갈만한곳', '📍함께 가볼만한 오산 여행지']
2024-09-10 13:33:23,919 [crawl_naver_blogs, line 67] DEBUG: Scraped: 경기도 오산 갈만한곳 물향기수목원 주차장 지도.. : 네이버블로그, 경기도 오산 갈만한곳 물향기수목원 주차장 지도 돗자리
오산 갈만한곳
📍지역
(슬로건)
경기도 오산
(함께하는 변화 미래도시 오산)
📌위치
경기 오산시 청학로 211
⏰운영시간
화 - 일
3~10월 09:00 ~ 18:00
6~8월 09:00 ~ 19:00
11~2월 09:00~ 17:00
🚫
휴무
매주 월요일, 1월1일, 설날
☎️ 문의
0507-1398-1456
💸 입장료
어른 1,500원 
청소년 1,000원 
어린이 700원
🅿️ 주차
경차 1,500원 소형 3,000원
경기도립 물향기수목원
물향기수목원
이란?
주차장
물향기수목원주차장
▶공영주차장
▶주차요금 : 유료
▶경차 1,500원 소형 3,000원 대형 5,000원
▶국가유공자,장애인차량 무료 / 저공해 50%할인
입장료
​
개인
단체(30인 이상)
어른
1,500원
1,000원
청소년
1,000원
700원
어린이
700원
500원
지도
출처:물향기수목원홈페이지
물향기수목원 둘러보기
실내 갈만한곳
📍함께 가볼만한 오산 여행지
2024-09-10 13:33:26,503 [crawl_naver_blogs, line 42] DEBUG: Current URL: https://blog.naver.com/zion258/223578811403
2024-09-10 13:33:27,406 [crawl_naver_blogs, line 61] DEBUG: title = '인천 계양구 맛집 추석 가족모임 찾은 어다리 .. : 네이버블로그'
2024-09-10 13:33:27,407 [crawl_naver_blogs, line 62] DEBUG: content = ['인천 계양구 맛집 추석 가족모임 찾은 어다리 계산점', '*내 돈 내산~', '추석 가족모임 인천 계양구 맛집', ' 어다리 계산점으로 결정했어요.', '\u200b', '온 가족이 가면 다양한 음식을 먹을 수 있고', '가성비가 좋아서 괜찮거든요.', '\u200b', '\u200b', '\u200b', '계양구청 근처에 있어 찾아가기 쉬운데요', '계산동 공영 3주차장이 바로 있어 주차 걱정 없어요', '2시간까지는 무료주차가 가능하거든요', '\u200b', '\u200b', '\u200b', '\u200b', '\u200b', '어디리 계산점은  2층에 위치해 있는데요', '엘리베이터에서 내리면 바로 앞에 위치해 있어요', '\u200b', '\u200b', '\u200b', '홀에는 탁자가 없는데요', '모든 식사는 룸에서 가능해서 좋아요', '들어가는 입구부터 깔끔하죠', '\u200b', '\u200b', '\u200b', '\u200b', '식사가 가능한 모든 룸은 통창으로 이루어져 있어', '뷰를 보면서 식사하기 괜찮고요', '밝은 분위기라 기분도 좋더라고요', '미리 예약하고 방문하면 원하는 장소를 먼저', '선점할 수 있어 좋습니다', '\u200b', '\u200b', '\u200b', '미리 세팅해 놓으신 밑반찬과 ', '애피타이저로 즐길 수 있는 치즈 닭갈비가 기다리고 있어요', '어린아이부터 나이 드신 어르신까지', '모두 먹을 수 있는 메뉴들로  세팅되어 있어 ', '추석 가족모임 어다리 계산점', ' 마음에 드는 부분입니다', '\u200b', '\u200b', '\u200b', '뭉근하게 만들어 오신 죽 위에', '흑임자와 김으로 고명을 올리셨는데', '고소함이 입안 가득 퍼지게 하죠.', '\u200b', '\u200b', '\u200b', '\u200b', '\u200b', '처음 메뉴는 회 초무침과 간장게장', '그리고 차슈로 구운 참치샐러드', '그리고 소스가 상큼해서 맛있는 야채샐러드입니다', '\u200b', '\u200b', '\u200b', '\u200b', '숙주를 넣은 숙회는 어떻게요', '야채가 익을 무렵 먹으면 아삭한 식감을', '주기 때문에 신선함이 가득합니다', '\u200b', '\u200b', '\u200b', '평소 먹고 싶던 메뉴들이 하나씩 나오기 시작했는데요', '신맛이 들어가면 식욕촉진해 주기 충분하죠', '광어 4인 세트로 주문했기 때문에', '처음부터 양껏 먹으면 메인메뉴가 나올 때', '제대로 못 먹으니 맛보기 정도 하면 좋을 것 같아요', '\u200b', '\u200b', '\u200b', '\u200b', '인천 계양구 맛집 건강을 챙기기 괜찮아요', '이렇게 산양삼도 나와주거든요', '쌉싸롬한 맛이 은근 몸에 좋잖아요', '기븐까지 좋게 만들어 줍니다', '추석 가족모임 하기 안성맞춤인', ' 어다리 계산점이랍니다', '\u200b', '\u200b', '\u200b', '스끼다시 대령이오 ㅎㅎ', '\u200b', '신선한 전복을 먹기 좋은 크기로 잘라 놓았고요', '쩍쩍 달라붙어 입안에서 실랑이를 하는 탕탕이 낙지', '새콤달콤 식감을 제대로 느낄 수 있는 해파리냉채', '풋콩은 자연을 느끼게 하였죠', '잘 익힌 새우는 단백질 흡입으로', '요건 우리 아이가 좋아하는 음식이랍니다. ㅎㅎ', '\u200b', '내가 제일 좋아하는 향이 진한 멍게', '쏘옥 빨아먹을 수 있는 다슬기', '살짝 데쳐서 나오는 조갯살', '그리고 참치 회와 연어 회까지 골라 먹는 재미가 좋습니다', '\u200b', '\u200b', '회가 신선해야 초밥도 맛이 좋은데요', '어패류는 질겨서 좋아하지 않지만', '인천 계양구 맛집 초밥은 다르네요', '입에서 살살 녹습니다.', '\u200b', '\u200b', '\u200b', '\u200b', '멍게를 별도로 챙겨 먹기에는 힘들잖아요.', '이렇게 먹을 때가 가장 맛이 좋습니다', '마치 머구리 배가 들어오는 항구에서 ', '먹는 맛이라고 할까요', '일단 메인 광어회가 나오기 전에 먹는 ', '맛이 괜찮습니다.', '\u200b', '\u200b', '\u200b', '\u200b', '호불호가 거의 없는 광어회입니다', '부위별로 잘 플레이팅 한 모습인데요', '개인적으로 배다지가 쫄깃하고', '맛이 좋더라고요 ', '\u200b', '\u200b', '\u200b', '캬아~~ 신선한 광어회를 어찌 먹어야 더 맛있을까요 ', '어다리 계산점에서 먹는 방법이 따로 있더라고요', '\u200b', '\u200b', '\u200b', '\u200b', '마늘 기름장에 찍어 먹거나', '묵은 김치와 함께 먹으면 깔끔한 맛을 즐길 수 있습니다.', '요런 맛에 또 방문하게 하는 이유인 듯', '푸짐하게 나오는 음식의 맛에', '재 방문율이 높은 것 같아요', '\u200b', '\u200b', '\u200b', '\u200b', '묵은지와 매콤한 고추까지 곁들이면', '내가 최애 좋아하는 맛이 됩니다 ㅎㅎ', '\u200b', '\u200b', '\u200b', '\u200b', '회를 다 먹으면 모든 코스가 끝나는 게 아니에요', '마지막으로 즐길 수 있는', '치즈 감자 채전, 콘 샐러드, 새우튀김, 오징어튀김이 있습니다', '\u200b', '\u200b', '\u200b', '\u200b', '갓 튀겨져 나오는 맛이 얼마나 좋던지', '아이들이 먹기에 괜찮아요', '추석 가족모임 추천하기 좋은', '인천 계양구 맛집입니다.', '\u200b', '\u200b', '\u200b', '오징어튀김은 한입 먹기 좋게 잘라 주십니다.', '\u200b', '\u200b', '\u200b', '\u200b', '다음은 바삭하게 튀겨낸 생선튀김', '고소한 향이 얼마나 좋던지', '평소 생선 좋아하지 않던 아이도', '바삭해서 잘 먹는 것 같아요.', '\u200b', '\u200b', '\u200b', '\u200b', '생선 발 골은 빠르게 진행해 주십니다', '개인적으로 살코기보다는 이렇게 얇게 튀겨진', '바삭함이 더 좋습니다.', '\u200b', '\u200b', '\u200b', '\u200b', '마지막으로 칼칼함과 시원함을 즐길 수 있는 매운탕', '\u200b', '\u200b', '\u200b', '적당하게 먹을 수 있는 날치알 밥입니다', '돌솥으로 나오기 때문에 따근하게 먹을 수 있어요.', '광어회나 다른 단품들로 주문하면', '가격대가 만만치 않은데요', '어다리 계산점에서는 광어회 4인세트로 ', '가성비 있게 먹을 수 있습니다', '추석 가족모임 찾으신다면', '인천 계양구 맛집 괜찮은 것 같아요.', '\u200b', '\u200b', '\u200b', '주소 : 인천시 계양구 장제로 756번길5, 한별프라자 201호', '전화 : 032-546-0056', '주차 가능', '\u200b']
2024-09-10 13:33:27,407 [crawl_naver_blogs, line 67] DEBUG: Scraped: 인천 계양구 맛집 추석 가족모임 찾은 어다리 .. : 네이버블로그, 인천 계양구 맛집 추석 가족모임 찾은 어다리 계산점
*내 돈 내산~
추석 가족모임 인천 계양구 맛집
 어다리 계산점으로 결정했어요.
​
온 가족이 가면 다양한 음식을 먹을 수 있고
가성비가 좋아서 괜찮거든요.
​
​
​
계양구청 근처에 있어 찾아가기 쉬운데요
계산동 공영 3주차장이 바로 있어 주차 걱정 없어요
2시간까지는 무료주차가 가능하거든요
​
​
​
​
​
어디리 계산점은  2층에 위치해 있는데요
엘리베이터에서 내리면 바로 앞에 위치해 있어요
​
​
​
홀에는 탁자가 없는데요
모든 식사는 룸에서 가능해서 좋아요
들어가는 입구부터 깔끔하죠
​
​
​
​
식사가 가능한 모든 룸은 통창으로 이루어져 있어
뷰를 보면서 식사하기 괜찮고요
밝은 분위기라 기분도 좋더라고요
미리 예약하고 방문하면 원하는 장소를 먼저
선점할 수 있어 좋습니다
​
​
​
미리 세팅해 놓으신 밑반찬과 
애피타이저로 즐길 수 있는 치즈 닭갈비가 기다리고 있어요
어린아이부터 나이 드신 어르신까지
모두 먹을 수 있는 메뉴들로  세팅되어 있어 
추석 가족모임 어다리 계산점
 마음에 드는 부분입니다
​
​
​
뭉근하게 만들어 오신 죽 위에
흑임자와 김으로 고명을 올리셨는데
고소함이 입안 가득 퍼지게 하죠.
​
​
​
​
​
처음 메뉴는 회 초무침과 간장게장
그리고 차슈로 구운 참치샐러드
그리고 소스가 상큼해서 맛있는 야채샐러드입니다
​
​
​
​
숙주를 넣은 숙회는 어떻게요
야채가 익을 무렵 먹으면 아삭한 식감을
주기 때문에 신선함이 가득합니다
​
​
​
평소 먹고 싶던 메뉴들이 하나씩 나오기 시작했는데요
신맛이 들어가면 식욕촉진해 주기 충분하죠
광어 4인 세트로 주문했기 때문에
처음부터 양껏 먹으면 메인메뉴가 나올 때
제대로 못 먹으니 맛보기 정도 하면 좋을 것 같아요
​
​
​
​
인천 계양구 맛집 건강을 챙기기 괜찮아요
이렇게 산양삼도 나와주거든요
쌉싸롬한 맛이 은근 몸에 좋잖아요
기븐까지 좋게 만들어 줍니다
추석 가족모임 하기 안성맞춤인
 어다리 계산점이랍니다
​
​
​
스끼다시 대령이오 ㅎㅎ
​
신선한 전복을 먹기 좋은 크기로 잘라 놓았고요
쩍쩍 달라붙어 입안에서 실랑이를 하는 탕탕이 낙지
새콤달콤 식감을 제대로 느낄 수 있는 해파리냉채
풋콩은 자연을 느끼게 하였죠
잘 익힌 새우는 단백질 흡입으로
요건 우리 아이가 좋아하는 음식이랍니다. ㅎㅎ
​
내가 제일 좋아하는 향이 진한 멍게
쏘옥 빨아먹을 수 있는 다슬기
살짝 데쳐서 나오는 조갯살
그리고 참치 회와 연어 회까지 골라 먹는 재미가 좋습니다
​
​
회가 신선해야 초밥도 맛이 좋은데요
어패류는 질겨서 좋아하지 않지만
인천 계양구 맛집 초밥은 다르네요
입에서 살살 녹습니다.
​
​
​
​
멍게를 별도로 챙겨 먹기에는 힘들잖아요.
이렇게 먹을 때가 가장 맛이 좋습니다
마치 머구리 배가 들어오는 항구에서 
먹는 맛이라고 할까요
일단 메인 광어회가 나오기 전에 먹는 
맛이 괜찮습니다.
​
​
​
​
호불호가 거의 없는 광어회입니다
부위별로 잘 플레이팅 한 모습인데요
개인적으로 배다지가 쫄깃하고
맛이 좋더라고요 
​
​
​
캬아~~ 신선한 광어회를 어찌 먹어야 더 맛있을까요 
어다리 계산점에서 먹는 방법이 따로 있더라고요
​
​
​
​
마늘 기름장에 찍어 먹거나
묵은 김치와 함께 먹으면 깔끔한 맛을 즐길 수 있습니다.
요런 맛에 또 방문하게 하는 이유인 듯
푸짐하게 나오는 음식의 맛에
재 방문율이 높은 것 같아요
​
​
​
​
묵은지와 매콤한 고추까지 곁들이면
내가 최애 좋아하는 맛이 됩니다 ㅎㅎ
​
​
​
​
회를 다 먹으면 모든 코스가 끝나는 게 아니에요
마지막으로 즐길 수 있는
치즈 감자 채전, 콘 샐러드, 새우튀김, 오징어튀김이 있습니다
​
​
​
​
갓 튀겨져 나오는 맛이 얼마나 좋던지
아이들이 먹기에 괜찮아요
추석 가족모임 추천하기 좋은
인천 계양구 맛집입니다.
​
​
​
오징어튀김은 한입 먹기 좋게 잘라 주십니다.
​
​
​
​
다음은 바삭하게 튀겨낸 생선튀김
고소한 향이 얼마나 좋던지
평소 생선 좋아하지 않던 아이도
바삭해서 잘 먹는 것 같아요.
​
​
​
​
생선 발 골은 빠르게 진행해 주십니다
개인적으로 살코기보다는 이렇게 얇게 튀겨진
바삭함이 더 좋습니다.
​
​
​
​
마지막으로 칼칼함과 시원함을 즐길 수 있는 매운탕
​
​
​
적당하게 먹을 수 있는 날치알 밥입니다
돌솥으로 나오기 때문에 따근하게 먹을 수 있어요.
광어회나 다른 단품들로 주문하면
가격대가 만만치 않은데요
어다리 계산점에서는 광어회 4인세트로 
가성비 있게 먹을 수 있습니다
추석 가족모임 찾으신다면
인천 계양구 맛집 괜찮은 것 같아요.
​
​
​
주소 : 인천시 계양구 장제로 756번길5, 한별프라자 201호
전화 : 032-546-0056
주차 가능
​
2024-09-10 13:33:29,796 [crawl_naver_blogs, line 42] DEBUG: Current URL: https://blog.naver.com/workerjj/223578330026
2024-09-10 13:33:29,859 [crawl_naver_blogs, line 61] DEBUG: title = '부산 디저트 맛집 부산역 기념품샵 갈매기샌드 .. : 네이버블로그'
2024-09-10 13:33:29,859 [crawl_naver_blogs, line 62] DEBUG: content = ['부산 디저트 맛집 부산역 기념품샵 갈매기샌드 먹거리 선물 포장', '부산 디저트 맛집', '내부', '부산역 기념품샵', '메뉴', '\u200b', '후기']
2024-09-10 13:33:29,859 [crawl_naver_blogs, line 67] DEBUG: Scraped: 부산 디저트 맛집 부산역 기념품샵 갈매기샌드 .. : 네이버블로그, 부산 디저트 맛집 부산역 기념품샵 갈매기샌드 먹거리 선물 포장
부산 디저트 맛집
내부
부산역 기념품샵
메뉴
​
후기
